This file contains any messages produced by compilers while
running configure, to aid debugging if configure makes a mistake.

It was created by fdk-aac configure 2.0.0, which was
generated by GNU Autoconf 2.65.  Invocation command line was

  $ ./configure --enable-static --host=arm-linux-androideabi --target=android --disable-asm --enable-pic --enable-strip --prefix=/Users/liuxiaohu/Work/ffmpegbuild/libs/libfdk-aac/armeabi-v7a

## --------- ##
## Platform. ##
## --------- ##

hostname = VlixMac
uname -m = x86_64
uname -r = 18.6.0
uname -s = Darwin
uname -v = Darwin Kernel Version 18.6.0: Thu Apr 25 23:16:27 PDT 2019; root:xnu-4903.261.4~2/RELEASE_X86_64

/usr/bin/uname -p = i386
/bin/uname -X     = unknown

/bin/arch              = unknown
/usr/bin/arch -k       = unknown
/usr/convex/getsysinfo = unknown
/usr/bin/hostinfo      = Mach kernel version:
	 Darwin Kernel Version 18.6.0: Thu Apr 25 23:16:27 PDT 2019; root:xnu-4903.261.4~2/RELEASE_X86_64
Kernel configured for up to 8 processors.
4 processors are physically available.
8 processors are logically available.
Processor type: x86_64h (Intel x86-64h Haswell)
Processors active: 0 1 2 3 4 5 6 7
Primary memory available: 16.00 gigabytes
Default processor set: 442 tasks, 2584 threads, 8 processors
Load average: 2.60, Mach factor: 5.38
/bin/machine           = unknown
/usr/bin/oslevel       = unknown
/bin/universe          = unknown

PATH: /Users/liuxiaohu/depot_tools-master
PATH: /Users/liuxiaohu/flutter/bin
PATH: /Users/liuxiaohu/ClionProjects/ffmpeg
PATH: /usr/local/opt/m4/bin
PATH: /Users/liuxiaohu/.nvm/versions/node/v10.10.0/bin
PATH: /Users/liuxiaohu/apache-maven-3.3.9/bin/
PATH: /usr/local/apache-ant-1.9.7/bin
PATH: /Users/liuxiaohu/Library/Android/sdk/tools
PATH: /Users/liuxiaohu/Library/Android/sdk/platform-tools
PATH: /Users/liuxiaohu/Library/Android/sdk
PATH: /Users/liuxiaohu/Library/Android/sdk/cmake/3.6.4111459/bin
PATH: /Users/liuxiaohu/Android_Ndk/android-ndk-r14b
PATH: /Users/liuxiaohu/Android_Ndk/android-ndk-r16b
PATH: /Users/liuxiaohu/Cocos2d/cocos2d-x-3.13.1/templates
PATH: /Users/liuxiaohu/Cocos2d
PATH: /Users/liuxiaohu/Cocos2d/cocos2d-x-3.13.1/tools/cocos2d-console/bin
PATH: /Users/liuxiaohu/bin
PATH: /usr/local/bin
PATH: /Library/Frameworks/Python.framework/Versions/3.5/bin
PATH: /usr/local/bin
PATH: /usr/bin
PATH: /bin
PATH: /usr/sbin
PATH: /sbin
PATH: /Applications/VMware Fusion.app/Contents/Public
PATH: /usr/local/go/bin
PATH: /usr/local/share/dotnet
PATH: ~/.dotnet/tools
PATH: /Applications/Wireshark.app/Contents/MacOS
PATH: /usr/local/git/bin
PATH: /Users/liuxiaohu/depot_tools-master
PATH: /Users/liuxiaohu/flutter/bin
PATH: /Users/liuxiaohu/ClionProjects/ffmpeg
PATH: /usr/local/opt/m4/bin
PATH: /Users/liuxiaohu/apache-maven-3.3.9/bin/
PATH: /usr/local/apache-ant-1.9.7/bin
PATH: /Users/liuxiaohu/Library/Android/sdk/tools
PATH: /Users/liuxiaohu/Library/Android/sdk/platform-tools
PATH: /Users/liuxiaohu/Library/Android/sdk
PATH: /Users/liuxiaohu/Library/Android/sdk/cmake/3.6.4111459/bin
PATH: /Users/liuxiaohu/Android_Ndk/android-ndk-r14b
PATH: /Users/liuxiaohu/Android_Ndk/android-ndk-r16b
PATH: /Users/liuxiaohu/Cocos2d/cocos2d-x-3.13.1/templates
PATH: /Users/liuxiaohu/Cocos2d
PATH: /Users/liuxiaohu/Cocos2d/cocos2d-x-3.13.1/tools/cocos2d-console/bin
PATH: /Users/liuxiaohu/bin
PATH: /Library/Frameworks/Python.framework/Versions/3.5/bin
PATH: /Users/liuxiaohu/Documents/choumedricer
PATH: /Users/liuxiaohu/Library/Python/2.7/bin
PATH: /Users/liuxiaohu/Documents/phantomjs_2.1.1/bin
PATH: /Users/liuxiaohu/Desktop/daily
PATH: /usr/local/Cellar/gradle/3.3/bin/
PATH: /user/local/go/
PATH: /Users/liuxiaohu/go
PATH: /Users/liuxiaohu/mongodb-4.0.6/bin
PATH: /Users/liuxiaohu/Library/Android/sdk/tools
PATH: /Users/liuxiaohu/Library/Android/sdk/platform-tools
PATH: /usr/local/apache-ant-1.9.7/bin
PATH: /Users/liuxiaohu/Library/Android/sdk/tools
PATH: /Users/liuxiaohu/Library/Android/sdk/platform-tools
PATH: /Users/liuxiaohu/Android_Ndk/android-ndk-r16b
PATH: /Users/liuxiaohu/Documents/choumedricer
PATH: /Users/liuxiaohu/Library/Python/2.7/bin
PATH: /Users/liuxiaohu/Documents/phantomjs_2.1.1/bin
PATH: /Users/liuxiaohu/Desktop/daily
PATH: /usr/local/Cellar/gradle/3.3/bin/
PATH: /usr/local/go/bin
PATH: /user/local/go/
PATH: /Users/liuxiaohu/go
PATH: /Users/liuxiaohu/mongodb-4.0.6/bin


## ----------- ##
## Core tests. ##
## ----------- ##

configure:2401: checking for a BSD-compatible install
configure:2469: result: /usr/bin/install -c
configure:2480: checking whether build environment is sane
configure:2535: result: yes
configure:2594: checking for arm-linux-androideabi-strip
configure:2624: result: no
configure:2634: checking for strip
configure:2650: found /usr/bin/strip
configure:2661: result: strip
configure:2686: checking for a thread-safe mkdir -p
configure:2725: result: ./install-sh -c -d
configure:2732: checking for gawk
configure:2762: result: no
configure:2732: checking for mawk
configure:2762: result: no
configure:2732: checking for nawk
configure:2762: result: no
configure:2732: checking for awk
configure:2748: found /usr/bin/awk
configure:2759: result: awk
configure:2770: checking whether make sets $(MAKE)
configure:2792: result: yes
configure:2821: checking whether make supports nested variables
configure:2838: result: yes
configure:2927: checking whether UID '501' is supported by ustar format
configure:2930: result: yes
configure:2937: checking whether GID '20' is supported by ustar format
configure:2940: result: yes
configure:2948: checking how to create a ustar tar archive
configure:2959: tar --version
bsdtar 2.8.3 - libarchive 2.8.3
configure:2962: $? = 0
configure:3002: tardir=conftest.dir && eval tar --format=ustar -chf - "$tardir" >conftest.tar
configure:3005: $? = 0
configure:3009: tar -xf - <conftest.tar
configure:3012: $? = 0
configure:3014: cat conftest.dir/file
GrepMe
configure:3017: $? = 0
configure:3030: result: gnutar
configure:3091: checking whether make supports nested variables
configure:3108: result: yes
configure:3145: checking for arm-linux-androideabi-gcc
configure:3172: result: /Users/liuxiaohu/Android_Ndk/android-ndk-r17c/toolchains/arm-linux-androideabi-4.9/prebuilt/linux-x86_64/bin/arm-linux-androideabi-gcc --sysroot=/Users/liuxiaohu/Android_Ndk/android-ndk-r17c/platforms/android-21/arch-arch-arm
configure:3441: checking for C compiler version
configure:3450: /Users/liuxiaohu/Android_Ndk/android-ndk-r17c/toolchains/arm-linux-androideabi-4.9/prebuilt/linux-x86_64/bin/arm-linux-androideabi-gcc --sysroot=/Users/liuxiaohu/Android_Ndk/android-ndk-r17c/platforms/android-21/arch-arch-arm --version >&5
./configure: line 3452: /Users/liuxiaohu/Android_Ndk/android-ndk-r17c/toolchains/arm-linux-androideabi-4.9/prebuilt/linux-x86_64/bin/arm-linux-androideabi-gcc: No such file or directory
configure:3461: $? = 127
configure:3450: /Users/liuxiaohu/Android_Ndk/android-ndk-r17c/toolchains/arm-linux-androideabi-4.9/prebuilt/linux-x86_64/bin/arm-linux-androideabi-gcc --sysroot=/Users/liuxiaohu/Android_Ndk/android-ndk-r17c/platforms/android-21/arch-arch-arm -v >&5
./configure: line 3452: /Users/liuxiaohu/Android_Ndk/android-ndk-r17c/toolchains/arm-linux-androideabi-4.9/prebuilt/linux-x86_64/bin/arm-linux-androideabi-gcc: No such file or directory
configure:3461: $? = 127
configure:3450: /Users/liuxiaohu/Android_Ndk/android-ndk-r17c/toolchains/arm-linux-androideabi-4.9/prebuilt/linux-x86_64/bin/arm-linux-androideabi-gcc --sysroot=/Users/liuxiaohu/Android_Ndk/android-ndk-r17c/platforms/android-21/arch-arch-arm -V >&5
./configure: line 3452: /Users/liuxiaohu/Android_Ndk/android-ndk-r17c/toolchains/arm-linux-androideabi-4.9/prebuilt/linux-x86_64/bin/arm-linux-androideabi-gcc: No such file or directory
configure:3461: $? = 127
configure:3450: /Users/liuxiaohu/Android_Ndk/android-ndk-r17c/toolchains/arm-linux-androideabi-4.9/prebuilt/linux-x86_64/bin/arm-linux-androideabi-gcc --sysroot=/Users/liuxiaohu/Android_Ndk/android-ndk-r17c/platforms/android-21/arch-arch-arm -qversion >&5
./configure: line 3452: /Users/liuxiaohu/Android_Ndk/android-ndk-r17c/toolchains/arm-linux-androideabi-4.9/prebuilt/linux-x86_64/bin/arm-linux-androideabi-gcc: No such file or directory
configure:3461: $? = 127
configure:3481: checking whether the C compiler works
configure:3503: /Users/liuxiaohu/Android_Ndk/android-ndk-r17c/toolchains/arm-linux-androideabi-4.9/prebuilt/linux-x86_64/bin/arm-linux-androideabi-gcc --sysroot=/Users/liuxiaohu/Android_Ndk/android-ndk-r17c/platforms/android-21/arch-arch-arm    -L/Users/liuxiaohu/Android_Ndk/android-ndk-r17c/platforms/android-21/arch-arch-arm/usr/lib    conftest.c  >&5
./configure: line 3505: /Users/liuxiaohu/Android_Ndk/android-ndk-r17c/toolchains/arm-linux-androideabi-4.9/prebuilt/linux-x86_64/bin/arm-linux-androideabi-gcc: No such file or directory
configure:3507: $? = 127
configure:3545: result: no
configure: failed program was:
| /* confdefs.h */
| #define PACKAGE_NAME "fdk-aac"
| #define PACKAGE_TARNAME "fdk-aac"
| #define PACKAGE_VERSION "2.0.0"
| #define PACKAGE_STRING "fdk-aac 2.0.0"
| #define PACKAGE_BUGREPORT "http://sourceforge.net/projects/opencore-amr/"
| #define PACKAGE_URL ""
| #define PACKAGE "fdk-aac"
| #define VERSION "2.0.0"
| /* end confdefs.h.  */
| 
| int
| main ()
| {
| 
|   ;
|   return 0;
| }
configure:3550: error: in `/Users/liuxiaohu/Work/ffmpegbuild/fdk-aac-2.0.0':
configure:3554: error: C compiler cannot create executables
See `config.log' for more details.

## ---------------- ##
## Cache variables. ##
## ---------------- ##

ac_cv_env_CCC_set=
ac_cv_env_CCC_value=
ac_cv_env_CC_set=set
ac_cv_env_CC_value='/Users/liuxiaohu/Android_Ndk/android-ndk-r17c/toolchains/arm-linux-androideabi-4.9/prebuilt/linux-x86_64/bin/arm-linux-androideabi-gcc --sysroot=/Users/liuxiaohu/Android_Ndk/android-ndk-r17c/platforms/android-21/arch-arch-arm'
ac_cv_env_CFLAGS_set=set
ac_cv_env_CFLAGS_value=
ac_cv_env_CPPFLAGS_set=
ac_cv_env_CPPFLAGS_value=
ac_cv_env_CPP_set=
ac_cv_env_CPP_value=
ac_cv_env_CXXCPP_set=
ac_cv_env_CXXCPP_value=
ac_cv_env_CXXFLAGS_set=set
ac_cv_env_CXXFLAGS_value=
ac_cv_env_CXX_set=set
ac_cv_env_CXX_value='/Users/liuxiaohu/Android_Ndk/android-ndk-r17c/toolchains/arm-linux-androideabi-4.9/prebuilt/linux-x86_64/bin/arm-linux-androideabi-g++ --sysroot=/Users/liuxiaohu/Android_Ndk/android-ndk-r17c/platforms/android-21/arch-arch-arm'
ac_cv_env_LDFLAGS_set=set
ac_cv_env_LDFLAGS_value=' -L/Users/liuxiaohu/Android_Ndk/android-ndk-r17c/platforms/android-21/arch-arch-arm/usr/lib   '
ac_cv_env_LIBS_set=
ac_cv_env_LIBS_value=
ac_cv_env_build_alias_set=
ac_cv_env_build_alias_value=
ac_cv_env_host_alias_set=set
ac_cv_env_host_alias_value=arm-linux-androideabi
ac_cv_env_target_alias_set=set
ac_cv_env_target_alias_value=android
ac_cv_path_install='/usr/bin/install -c'
ac_cv_prog_AWK=awk
ac_cv_prog_CC='/Users/liuxiaohu/Android_Ndk/android-ndk-r17c/toolchains/arm-linux-androideabi-4.9/prebuilt/linux-x86_64/bin/arm-linux-androideabi-gcc --sysroot=/Users/liuxiaohu/Android_Ndk/android-ndk-r17c/platforms/android-21/arch-arch-arm'
ac_cv_prog_ac_ct_STRIP=strip
ac_cv_prog_make_make_set=yes
am_cv_make_support_nested_variables=yes
am_cv_prog_tar_ustar=gnutar

## ----------------- ##
## Output variables. ##
## ----------------- ##

ACLOCAL='${SHELL} /Users/liuxiaohu/Work/ffmpegbuild/fdk-aac-2.0.0/missing aclocal-1.16'
AMDEPBACKSLASH=''
AMDEP_FALSE=''
AMDEP_TRUE=''
AMTAR='$${TAR-tar}'
AM_BACKSLASH='\'
AM_DEFAULT_V='$(AM_DEFAULT_VERBOSITY)'
AM_DEFAULT_VERBOSITY='0'
AM_V='$(V)'
AR='/Users/liuxiaohu/Android_Ndk/android-ndk-r17c/toolchains/arm-linux-androideabi-4.9/prebuilt/linux-x86_64/bin/arm-linux-androideabi-ar'
AUTOCONF='${SHELL} /Users/liuxiaohu/Work/ffmpegbuild/fdk-aac-2.0.0/missing autoconf'
AUTOHEADER='${SHELL} /Users/liuxiaohu/Work/ffmpegbuild/fdk-aac-2.0.0/missing autoheader'
AUTOMAKE='${SHELL} /Users/liuxiaohu/Work/ffmpegbuild/fdk-aac-2.0.0/missing automake-1.16'
AWK='awk'
CC='/Users/liuxiaohu/Android_Ndk/android-ndk-r17c/toolchains/arm-linux-androideabi-4.9/prebuilt/linux-x86_64/bin/arm-linux-androideabi-gcc --sysroot=/Users/liuxiaohu/Android_Ndk/android-ndk-r17c/platforms/android-21/arch-arch-arm'
CCDEPMODE=''
CFLAGS=''
CPP=''
CPPFLAGS=''
CXX='/Users/liuxiaohu/Android_Ndk/android-ndk-r17c/toolchains/arm-linux-androideabi-4.9/prebuilt/linux-x86_64/bin/arm-linux-androideabi-g++ --sysroot=/Users/liuxiaohu/Android_Ndk/android-ndk-r17c/platforms/android-21/arch-arch-arm'
CXXCPP=''
CXXDEPMODE=''
CXXFLAGS=''
CYGPATH_W='echo'
DEFS=''
DEPDIR=''
DSYMUTIL=''
DUMPBIN=''
ECHO_C='\c'
ECHO_N=''
ECHO_T=''
EGREP=''
EXAMPLE_FALSE=''
EXAMPLE_TRUE='#'
EXEEXT=''
FDK_AAC_VERSION=''
FGREP=''
GREP=''
INSTALL_DATA='${INSTALL} -m 644'
INSTALL_PROGRAM='${INSTALL}'
INSTALL_SCRIPT='${INSTALL}'
INSTALL_STRIP_PROGRAM='$(install_sh) -c -s'
LD='/Users/liuxiaohu/Android_Ndk/android-ndk-r17c/toolchains/arm-linux-androideabi-4.9/prebuilt/linux-x86_64/bin/arm-linux-androideabi-ld'
LDFLAGS=' -L/Users/liuxiaohu/Android_Ndk/android-ndk-r17c/platforms/android-21/arch-arch-arm/usr/lib   '
LIBOBJS=''
LIBS=''
LIBS_PRIVATE=''
LIBS_PUBLIC=''
LIBTOOL=''
LIPO=''
LN_S=''
LTLIBOBJS=''
MAKEINFO='${SHELL} /Users/liuxiaohu/Work/ffmpegbuild/fdk-aac-2.0.0/missing makeinfo'
MKDIR_P='./install-sh -c -d'
NM=''
NMEDIT=''
OBJDUMP=''
OBJEXT=''
OTOOL64=''
OTOOL=''
PACKAGE='fdk-aac'
PACKAGE_BUGREPORT='http://sourceforge.net/projects/opencore-amr/'
PACKAGE_NAME='fdk-aac'
PACKAGE_STRING='fdk-aac 2.0.0'
PACKAGE_TARNAME='fdk-aac'
PACKAGE_URL=''
PACKAGE_VERSION='2.0.0'
PATH_SEPARATOR=':'
RANLIB=''
SED=''
SET_MAKE=''
SHELL='/bin/sh'
STRIP='strip'
VERSION='2.0.0'
ac_ct_CC=''
ac_ct_CXX=''
ac_ct_DUMPBIN=''
am__EXEEXT_FALSE=''
am__EXEEXT_TRUE=''
am__fastdepCC_FALSE=''
am__fastdepCC_TRUE=''
am__fastdepCXX_FALSE=''
am__fastdepCXX_TRUE=''
am__include=''
am__isrc=''
am__leading_dot='.'
am__nodep=''
am__quote=''
am__tar='tar --format=ustar -chf - "$$tardir"'
am__untar='tar -xf -'
bindir='${exec_prefix}/bin'
build=''
build_alias=''
build_cpu=''
build_os=''
build_vendor=''
datadir='${datarootdir}'
datarootdir='${prefix}/share'
docdir='${datarootdir}/doc/${PACKAGE_TARNAME}'
dvidir='${docdir}'
exec_prefix='NONE'
host='arm-linux-androideabi'
host_alias='arm-linux-androideabi'
host_cpu=''
host_os=''
host_vendor=''
htmldir='${docdir}'
includedir='${prefix}/include'
infodir='${datarootdir}/info'
install_sh='${SHELL} /Users/liuxiaohu/Work/ffmpegbuild/fdk-aac-2.0.0/install-sh'
libdir='${exec_prefix}/lib'
libexecdir='${exec_prefix}/libexec'
localedir='${datarootdir}/locale'
localstatedir='${prefix}/var'
lt_ECHO='/bin/echo'
mandir='${datarootdir}/man'
mkdir_p='$(MKDIR_P)'
oldincludedir='/usr/include'
pdfdir='${docdir}'
prefix='/Users/liuxiaohu/Work/ffmpegbuild/libs/libfdk-aac/armeabi-v7a'
program_transform_name='s,x,x,'
psdir='${docdir}'
sbindir='${exec_prefix}/sbin'
sharedstatedir='${prefix}/com'
sysconfdir='${prefix}/etc'
target_alias='android'

## ----------- ##
## confdefs.h. ##
## ----------- ##

/* confdefs.h */
#define PACKAGE_NAME "fdk-aac"
#define PACKAGE_TARNAME "fdk-aac"
#define PACKAGE_VERSION "2.0.0"
#define PACKAGE_STRING "fdk-aac 2.0.0"
#define PACKAGE_BUGREPORT "http://sourceforge.net/projects/opencore-amr/"
#define PACKAGE_URL ""
#define PACKAGE "fdk-aac"
#define VERSION "2.0.0"

configure: exit 77
