This file contains any messages produced by compilers while
running configure, to aid debugging if configure makes a mistake.

It was created by fdk-aac configure 0.1.6, which was
generated by GNU Autoconf 2.69.  Invocation command line was

  $ ./configure --host=x86_64-linux-android --enable-static --disable-shared --enable-static --target=android --disable-asm --enable-pic --prefix=/Users/liuxiaohu/Work/ffmpegbuild/build/x86_64

## --------- ##
## Platform. ##
## --------- ##

hostname = VlixMac
uname -m = x86_64
uname -r = 18.6.0
uname -s = Darwin
uname -v = Darwin Kernel Version 18.6.0: Thu Apr 25 23:16:27 PDT 2019; root:xnu-4903.261.4~2/RELEASE_X86_64

/usr/bin/uname -p = i386
/bin/uname -X     = unknown

/bin/arch              = unknown
/usr/bin/arch -k       = unknown
/usr/convex/getsysinfo = unknown
/usr/bin/hostinfo      = Mach kernel version:
	 Darwin Kernel Version 18.6.0: Thu Apr 25 23:16:27 PDT 2019; root:xnu-4903.261.4~2/RELEASE_X86_64
Kernel configured for up to 8 processors.
4 processors are physically available.
8 processors are logically available.
Processor type: x86_64h (Intel x86-64h Haswell)
Processors active: 0 1 2 3 4 5 6 7
Primary memory available: 16.00 gigabytes
Default processor set: 437 tasks, 2446 threads, 8 processors
Load average: 4.72, Mach factor: 3.27
/bin/machine           = unknown
/usr/bin/oslevel       = unknown
/bin/universe          = unknown

PATH: /Users/liuxiaohu/depot_tools-master
PATH: /Users/liuxiaohu/flutter/bin
PATH: /Users/liuxiaohu/ClionProjects/ffmpeg
PATH: /usr/local/opt/m4/bin
PATH: /Users/liuxiaohu/.nvm/versions/node/v10.10.0/bin
PATH: /Users/liuxiaohu/apache-maven-3.3.9/bin/
PATH: /usr/local/apache-ant-1.9.7/bin
PATH: /Users/liuxiaohu/Library/Android/sdk/tools
PATH: /Users/liuxiaohu/Library/Android/sdk/platform-tools
PATH: /Users/liuxiaohu/Library/Android/sdk
PATH: /Users/liuxiaohu/Library/Android/sdk/cmake/3.6.4111459/bin
PATH: /Users/liuxiaohu/Android_Ndk/android-ndk-r14b
PATH: /Users/liuxiaohu/Android_Ndk/android-ndk-r16b
PATH: /Users/liuxiaohu/Cocos2d/cocos2d-x-3.13.1/templates
PATH: /Users/liuxiaohu/Cocos2d
PATH: /Users/liuxiaohu/Cocos2d/cocos2d-x-3.13.1/tools/cocos2d-console/bin
PATH: /Users/liuxiaohu/bin
PATH: /usr/local/bin
PATH: /Library/Frameworks/Python.framework/Versions/3.5/bin
PATH: /usr/local/bin
PATH: /usr/bin
PATH: /bin
PATH: /usr/sbin
PATH: /sbin
PATH: /Applications/VMware Fusion.app/Contents/Public
PATH: /usr/local/go/bin
PATH: /usr/local/share/dotnet
PATH: ~/.dotnet/tools
PATH: /Applications/Wireshark.app/Contents/MacOS
PATH: /usr/local/git/bin
PATH: /Users/liuxiaohu/depot_tools-master
PATH: /Users/liuxiaohu/flutter/bin
PATH: /Users/liuxiaohu/ClionProjects/ffmpeg
PATH: /usr/local/opt/m4/bin
PATH: /Users/liuxiaohu/apache-maven-3.3.9/bin/
PATH: /usr/local/apache-ant-1.9.7/bin
PATH: /Users/liuxiaohu/Library/Android/sdk/tools
PATH: /Users/liuxiaohu/Library/Android/sdk/platform-tools
PATH: /Users/liuxiaohu/Library/Android/sdk
PATH: /Users/liuxiaohu/Library/Android/sdk/cmake/3.6.4111459/bin
PATH: /Users/liuxiaohu/Android_Ndk/android-ndk-r14b
PATH: /Users/liuxiaohu/Android_Ndk/android-ndk-r16b
PATH: /Users/liuxiaohu/Cocos2d/cocos2d-x-3.13.1/templates
PATH: /Users/liuxiaohu/Cocos2d
PATH: /Users/liuxiaohu/Cocos2d/cocos2d-x-3.13.1/tools/cocos2d-console/bin
PATH: /Users/liuxiaohu/bin
PATH: /Library/Frameworks/Python.framework/Versions/3.5/bin
PATH: /Users/liuxiaohu/Documents/choumedricer
PATH: /Users/liuxiaohu/Library/Python/2.7/bin
PATH: /Users/liuxiaohu/Documents/phantomjs_2.1.1/bin
PATH: /Users/liuxiaohu/Desktop/daily
PATH: /usr/local/Cellar/gradle/3.3/bin/
PATH: /user/local/go/
PATH: /Users/liuxiaohu/go
PATH: /Users/liuxiaohu/mongodb-4.0.6/bin
PATH: /Users/liuxiaohu/Library/Android/sdk/tools
PATH: /Users/liuxiaohu/Library/Android/sdk/platform-tools
PATH: /usr/local/apache-ant-1.9.7/bin
PATH: /Users/liuxiaohu/Library/Android/sdk/tools
PATH: /Users/liuxiaohu/Library/Android/sdk/platform-tools
PATH: /Users/liuxiaohu/Android_Ndk/android-ndk-r16b
PATH: /Users/liuxiaohu/Documents/choumedricer
PATH: /Users/liuxiaohu/Library/Python/2.7/bin
PATH: /Users/liuxiaohu/Documents/phantomjs_2.1.1/bin
PATH: /Users/liuxiaohu/Desktop/daily
PATH: /usr/local/Cellar/gradle/3.3/bin/
PATH: /usr/local/go/bin
PATH: /user/local/go/
PATH: /Users/liuxiaohu/go
PATH: /Users/liuxiaohu/mongodb-4.0.6/bin


## ----------- ##
## Core tests. ##
## ----------- ##

configure:2321: checking for a BSD-compatible install
configure:2389: result: /usr/bin/install -c
configure:2400: checking whether build environment is sane
configure:2455: result: yes
configure:2514: checking for x86_64-linux-android-strip
configure:2541: result: /Users/liuxiaohu/Android_Ndk/android-ndk-r14b/toolchains/x86_64-4.9/prebuilt/darwin-x86_64/bin/x86_64-linux-android-strip
configure:2606: checking for a thread-safe mkdir -p
configure:2645: result: ./install-sh -c -d
configure:2652: checking for gawk
configure:2682: result: no
configure:2652: checking for mawk
configure:2682: result: no
configure:2652: checking for nawk
configure:2682: result: no
configure:2652: checking for awk
configure:2668: found /usr/bin/awk
configure:2679: result: awk
configure:2690: checking whether make sets $(MAKE)
configure:2712: result: yes
configure:2741: checking whether make supports nested variables
configure:2758: result: yes
configure:2847: checking whether UID '501' is supported by ustar format
configure:2850: result: yes
configure:2857: checking whether GID '20' is supported by ustar format
configure:2860: result: yes
configure:2868: checking how to create a ustar tar archive
configure:2879: tar --version
bsdtar 2.8.3 - libarchive 2.8.3
configure:2882: $? = 0
configure:2922: tardir=conftest.dir && eval tar --format=ustar -chf - "$tardir" >conftest.tar
configure:2925: $? = 0
configure:2929: tar -xf - <conftest.tar
configure:2932: $? = 0
configure:2934: cat conftest.dir/file
GrepMe
configure:2937: $? = 0
configure:2950: result: gnutar
configure:3011: checking whether make supports nested variables
configure:3028: result: yes
configure:3065: checking for x86_64-linux-android-gcc
configure:3092: result: /Users/liuxiaohu/Android_Ndk/android-ndk-r14b/toolchains/x86_64-4.9/prebuilt/darwin-x86_64/bin/x86_64-linux-android-gcc
configure:3361: checking for C compiler version
configure:3370: /Users/liuxiaohu/Android_Ndk/android-ndk-r14b/toolchains/x86_64-4.9/prebuilt/darwin-x86_64/bin/x86_64-linux-android-gcc --version >&5
x86_64-linux-android-gcc (GCC) 4.9.x 20150123 (prerelease)
Copyright (C) 2014 Free Software Foundation, Inc.
This is free software; see the source for copying conditions.  There is NO
warranty; not even for MERCHANTABILITY or FITNESS FOR A PARTICULAR PURPOSE.

configure:3381: $? = 0
configure:3370: /Users/liuxiaohu/Android_Ndk/android-ndk-r14b/toolchains/x86_64-4.9/prebuilt/darwin-x86_64/bin/x86_64-linux-android-gcc -v >&5
Using built-in specs.
COLLECT_GCC=/Users/liuxiaohu/Android_Ndk/android-ndk-r14b/toolchains/x86_64-4.9/prebuilt/darwin-x86_64/bin/x86_64-linux-android-gcc
COLLECT_LTO_WRAPPER=/Users/liuxiaohu/Android_Ndk/android-ndk-r14b/toolchains/x86_64-4.9/prebuilt/darwin-x86_64/bin/../libexec/gcc/x86_64-linux-android/4.9.x/lto-wrapper
Target: x86_64-linux-android
Configured with: /Volumes/Android/buildbot/src/android/gcc/toolchain/build/../gcc/gcc-4.9/configure --prefix=/tmp/6dcb9db4ca8b65246b2cfd5fe2402bff --target=x86_64-linux-android --host=x86_64-apple-darwin --build=x86_64-apple-darwin --with-gnu-as --with-gnu-ld --enable-languages=c,c++ --with-gmp=/buildbot/tmp/build/toolchain/temp-install --with-mpfr=/buildbot/tmp/build/toolchain/temp-install --with-mpc=/buildbot/tmp/build/toolchain/temp-install --with-cloog=/buildbot/tmp/build/toolchain/temp-install --with-isl=/buildbot/tmp/build/toolchain/temp-install --with-ppl=/buildbot/tmp/build/toolchain/temp-install --disable-ppl-version-check --disable-cloog-version-check --disable-isl-version-check --enable-cloog-backend=isl --with-host-libstdcxx='-static-libgcc -lstdc++ -lm' --disable-libssp --enable-threads --disable-nls --disable-libmudflap --disable-libgomp --disable-libstdc__-v3 --disable-sjlj-exceptions --disable-shared --disable-tls --disable-libitm --with-arch=x86-64 --with-tune=intel --with-fpmath=sse --with-multilib-list=m32,m64,mx32 --enable-bionic-libs --enable-libatomic-ifuncs=no --enable-initfini-array --disable-nls --prefix=/tmp/6dcb9db4ca8b65246b2cfd5fe2402bff --with-sysroot=/tmp/6dcb9db4ca8b65246b2cfd5fe2402bff/sysroot --with-binutils-version=2.25 --with-mpfr-version=3.1.1 --with-mpc-version=1.0.1 --with-gmp-version=5.0.5 --with-gcc-version=4.9 --with-gdb-version=none --with-gxx-include-dir=/tmp/6dcb9db4ca8b65246b2cfd5fe2402bff/include/c++/4.9.x --with-bugurl=http://source.android.com/source/report-bugs.html --enable-languages=c,c++ --disable-bootstrap --enable-plugins --enable-libgomp --enable-gnu-indirect-function --disable-libcilkrts --disable-libsanitizer --enable-gold --enable-threads --enable-eh-frame-hdr-for-static --enable-graphite=yes --with-isl-version=0.11.1 --with-cloog-version=0.18.0 --program-transform-name='s&^&x86_64-linux-android-&' --enable-gold=default
Thread model: posix
gcc version 4.9.x 20150123 (prerelease) (GCC) 
configure:3381: $? = 0
configure:3370: /Users/liuxiaohu/Android_Ndk/android-ndk-r14b/toolchains/x86_64-4.9/prebuilt/darwin-x86_64/bin/x86_64-linux-android-gcc -V >&5
x86_64-linux-android-gcc: error: unrecognized command line option '-V'
x86_64-linux-android-gcc: fatal error: no input files
compilation terminated.
configure:3381: $? = 1
configure:3370: /Users/liuxiaohu/Android_Ndk/android-ndk-r14b/toolchains/x86_64-4.9/prebuilt/darwin-x86_64/bin/x86_64-linux-android-gcc -qversion >&5
x86_64-linux-android-gcc: error: unrecognized command line option '-qversion'
x86_64-linux-android-gcc: fatal error: no input files
compilation terminated.
configure:3381: $? = 1
configure:3401: checking whether the C compiler works
configure:3423: /Users/liuxiaohu/Android_Ndk/android-ndk-r14b/toolchains/x86_64-4.9/prebuilt/darwin-x86_64/bin/x86_64-linux-android-gcc -fomit-frame-pointer -march=x86-64 -Os -O3 -I/Users/liuxiaohu/Work/ffmpegbuild/build/x86_64/include --sysroot=/Users/liuxiaohu/Android_Ndk/android-ndk-r14b/platforms/android-21/arch-x86_64/ -fPIE  --sysroot=/Users/liuxiaohu/Android_Ndk/android-ndk-r14b/platforms/android-21/arch-x86_64/  -L/Users/liuxiaohu/Work/ffmpegbuild/build/x86_64/lib -fPIE -pie  conftest.c  >&5
configure:3427: $? = 0
configure:3475: result: yes
configure:3478: checking for C compiler default output file name
configure:3480: result: a.out
configure:3486: checking for suffix of executables
configure:3493: /Users/liuxiaohu/Android_Ndk/android-ndk-r14b/toolchains/x86_64-4.9/prebuilt/darwin-x86_64/bin/x86_64-linux-android-gcc -o conftest -fomit-frame-pointer -march=x86-64 -Os -O3 -I/Users/liuxiaohu/Work/ffmpegbuild/build/x86_64/include --sysroot=/Users/liuxiaohu/Android_Ndk/android-ndk-r14b/platforms/android-21/arch-x86_64/ -fPIE  --sysroot=/Users/liuxiaohu/Android_Ndk/android-ndk-r14b/platforms/android-21/arch-x86_64/  -L/Users/liuxiaohu/Work/ffmpegbuild/build/x86_64/lib -fPIE -pie  conftest.c  >&5
configure:3497: $? = 0
configure:3519: result: 
configure:3541: checking whether we are cross compiling
configure:3549: /Users/liuxiaohu/Android_Ndk/android-ndk-r14b/toolchains/x86_64-4.9/prebuilt/darwin-x86_64/bin/x86_64-linux-android-gcc -o conftest -fomit-frame-pointer -march=x86-64 -Os -O3 -I/Users/liuxiaohu/Work/ffmpegbuild/build/x86_64/include --sysroot=/Users/liuxiaohu/Android_Ndk/android-ndk-r14b/platforms/android-21/arch-x86_64/ -fPIE  --sysroot=/Users/liuxiaohu/Android_Ndk/android-ndk-r14b/platforms/android-21/arch-x86_64/  -L/Users/liuxiaohu/Work/ffmpegbuild/build/x86_64/lib -fPIE -pie  conftest.c  >&5
configure:3553: $? = 0
configure:3560: ./conftest
./configure: line 3562: ./conftest: cannot execute binary file
configure:3564: $? = 126
configure:3579: result: yes
configure:3584: checking for suffix of object files
configure:3606: /Users/liuxiaohu/Android_Ndk/android-ndk-r14b/toolchains/x86_64-4.9/prebuilt/darwin-x86_64/bin/x86_64-linux-android-gcc -c -fomit-frame-pointer -march=x86-64 -Os -O3 -I/Users/liuxiaohu/Work/ffmpegbuild/build/x86_64/include --sysroot=/Users/liuxiaohu/Android_Ndk/android-ndk-r14b/platforms/android-21/arch-x86_64/ -fPIE  --sysroot=/Users/liuxiaohu/Android_Ndk/android-ndk-r14b/platforms/android-21/arch-x86_64/  conftest.c >&5
configure:3610: $? = 0
configure:3631: result: o
configure:3635: checking whether we are using the GNU C compiler
configure:3654: /Users/liuxiaohu/Android_Ndk/android-ndk-r14b/toolchains/x86_64-4.9/prebuilt/darwin-x86_64/bin/x86_64-linux-android-gcc -c -fomit-frame-pointer -march=x86-64 -Os -O3 -I/Users/liuxiaohu/Work/ffmpegbuild/build/x86_64/include --sysroot=/Users/liuxiaohu/Android_Ndk/android-ndk-r14b/platforms/android-21/arch-x86_64/ -fPIE  --sysroot=/Users/liuxiaohu/Android_Ndk/android-ndk-r14b/platforms/android-21/arch-x86_64/  conftest.c >&5
configure:3654: $? = 0
configure:3663: result: yes
configure:3672: checking whether /Users/liuxiaohu/Android_Ndk/android-ndk-r14b/toolchains/x86_64-4.9/prebuilt/darwin-x86_64/bin/x86_64-linux-android-gcc accepts -g
configure:3692: /Users/liuxiaohu/Android_Ndk/android-ndk-r14b/toolchains/x86_64-4.9/prebuilt/darwin-x86_64/bin/x86_64-linux-android-gcc -c -g --sysroot=/Users/liuxiaohu/Android_Ndk/android-ndk-r14b/platforms/android-21/arch-x86_64/  conftest.c >&5
configure:3692: $? = 0
configure:3733: result: yes
configure:3750: checking for /Users/liuxiaohu/Android_Ndk/android-ndk-r14b/toolchains/x86_64-4.9/prebuilt/darwin-x86_64/bin/x86_64-linux-android-gcc option to accept ISO C89
configure:3813: /Users/liuxiaohu/Android_Ndk/android-ndk-r14b/toolchains/x86_64-4.9/prebuilt/darwin-x86_64/bin/x86_64-linux-android-gcc  -c -fomit-frame-pointer -march=x86-64 -Os -O3 -I/Users/liuxiaohu/Work/ffmpegbuild/build/x86_64/include --sysroot=/Users/liuxiaohu/Android_Ndk/android-ndk-r14b/platforms/android-21/arch-x86_64/ -fPIE  --sysroot=/Users/liuxiaohu/Android_Ndk/android-ndk-r14b/platforms/android-21/arch-x86_64/  conftest.c >&5
configure:3813: $? = 0
configure:3826: result: none needed
configure:3851: checking whether /Users/liuxiaohu/Android_Ndk/android-ndk-r14b/toolchains/x86_64-4.9/prebuilt/darwin-x86_64/bin/x86_64-linux-android-gcc understands -c and -o together
configure:3873: /Users/liuxiaohu/Android_Ndk/android-ndk-r14b/toolchains/x86_64-4.9/prebuilt/darwin-x86_64/bin/x86_64-linux-android-gcc -c conftest.c -o conftest2.o
configure:3876: $? = 0
configure:3873: /Users/liuxiaohu/Android_Ndk/android-ndk-r14b/toolchains/x86_64-4.9/prebuilt/darwin-x86_64/bin/x86_64-linux-android-gcc -c conftest.c -o conftest2.o
configure:3876: $? = 0
configure:3888: result: yes
configure:3916: checking for style of include used by make
configure:3944: result: GNU
configure:3970: checking dependency style of /Users/liuxiaohu/Android_Ndk/android-ndk-r14b/toolchains/x86_64-4.9/prebuilt/darwin-x86_64/bin/x86_64-linux-android-gcc
configure:4081: result: gcc3
configure:4208: checking for C++ compiler version
configure:4217: /Users/liuxiaohu/Android_Ndk/android-ndk-r14b/toolchains/x86_64-4.9/prebuilt/darwin-x86_64/bin/x86_64-linux-android-g++ --version >&5
x86_64-linux-android-g++ (GCC) 4.9.x 20150123 (prerelease)
Copyright (C) 2014 Free Software Foundation, Inc.
This is free software; see the source for copying conditions.  There is NO
warranty; not even for MERCHANTABILITY or FITNESS FOR A PARTICULAR PURPOSE.

configure:4228: $? = 0
configure:4217: /Users/liuxiaohu/Android_Ndk/android-ndk-r14b/toolchains/x86_64-4.9/prebuilt/darwin-x86_64/bin/x86_64-linux-android-g++ -v >&5
Using built-in specs.
COLLECT_GCC=/Users/liuxiaohu/Android_Ndk/android-ndk-r14b/toolchains/x86_64-4.9/prebuilt/darwin-x86_64/bin/x86_64-linux-android-g++
COLLECT_LTO_WRAPPER=/Users/liuxiaohu/Android_Ndk/android-ndk-r14b/toolchains/x86_64-4.9/prebuilt/darwin-x86_64/bin/../libexec/gcc/x86_64-linux-android/4.9.x/lto-wrapper
Target: x86_64-linux-android
Configured with: /Volumes/Android/buildbot/src/android/gcc/toolchain/build/../gcc/gcc-4.9/configure --prefix=/tmp/6dcb9db4ca8b65246b2cfd5fe2402bff --target=x86_64-linux-android --host=x86_64-apple-darwin --build=x86_64-apple-darwin --with-gnu-as --with-gnu-ld --enable-languages=c,c++ --with-gmp=/buildbot/tmp/build/toolchain/temp-install --with-mpfr=/buildbot/tmp/build/toolchain/temp-install --with-mpc=/buildbot/tmp/build/toolchain/temp-install --with-cloog=/buildbot/tmp/build/toolchain/temp-install --with-isl=/buildbot/tmp/build/toolchain/temp-install --with-ppl=/buildbot/tmp/build/toolchain/temp-install --disable-ppl-version-check --disable-cloog-version-check --disable-isl-version-check --enable-cloog-backend=isl --with-host-libstdcxx='-static-libgcc -lstdc++ -lm' --disable-libssp --enable-threads --disable-nls --disable-libmudflap --disable-libgomp --disable-libstdc__-v3 --disable-sjlj-exceptions --disable-shared --disable-tls --disable-libitm --with-arch=x86-64 --with-tune=intel --with-fpmath=sse --with-multilib-list=m32,m64,mx32 --enable-bionic-libs --enable-libatomic-ifuncs=no --enable-initfini-array --disable-nls --prefix=/tmp/6dcb9db4ca8b65246b2cfd5fe2402bff --with-sysroot=/tmp/6dcb9db4ca8b65246b2cfd5fe2402bff/sysroot --with-binutils-version=2.25 --with-mpfr-version=3.1.1 --with-mpc-version=1.0.1 --with-gmp-version=5.0.5 --with-gcc-version=4.9 --with-gdb-version=none --with-gxx-include-dir=/tmp/6dcb9db4ca8b65246b2cfd5fe2402bff/include/c++/4.9.x --with-bugurl=http://source.android.com/source/report-bugs.html --enable-languages=c,c++ --disable-bootstrap --enable-plugins --enable-libgomp --enable-gnu-indirect-function --disable-libcilkrts --disable-libsanitizer --enable-gold --enable-threads --enable-eh-frame-hdr-for-static --enable-graphite=yes --with-isl-version=0.11.1 --with-cloog-version=0.18.0 --program-transform-name='s&^&x86_64-linux-android-&' --enable-gold=default
Thread model: posix
gcc version 4.9.x 20150123 (prerelease) (GCC) 
configure:4228: $? = 0
configure:4217: /Users/liuxiaohu/Android_Ndk/android-ndk-r14b/toolchains/x86_64-4.9/prebuilt/darwin-x86_64/bin/x86_64-linux-android-g++ -V >&5
x86_64-linux-android-g++: error: unrecognized command line option '-V'
x86_64-linux-android-g++: fatal error: no input files
compilation terminated.
configure:4228: $? = 1
configure:4217: /Users/liuxiaohu/Android_Ndk/android-ndk-r14b/toolchains/x86_64-4.9/prebuilt/darwin-x86_64/bin/x86_64-linux-android-g++ -qversion >&5
x86_64-linux-android-g++: error: unrecognized command line option '-qversion'
x86_64-linux-android-g++: fatal error: no input files
compilation terminated.
configure:4228: $? = 1
configure:4232: checking whether we are using the GNU C++ compiler
configure:4251: /Users/liuxiaohu/Android_Ndk/android-ndk-r14b/toolchains/x86_64-4.9/prebuilt/darwin-x86_64/bin/x86_64-linux-android-g++ -c -fomit-frame-pointer -march=x86-64 -Os -O3 -I/Users/liuxiaohu/Work/ffmpegbuild/build/x86_64/include --sysroot=/Users/liuxiaohu/Android_Ndk/android-ndk-r14b/platforms/android-21/arch-x86_64/ -fPIE  --sysroot=/Users/liuxiaohu/Android_Ndk/android-ndk-r14b/platforms/android-21/arch-x86_64/  conftest.cpp >&5
configure:4251: $? = 0
configure:4260: result: yes
configure:4269: checking whether /Users/liuxiaohu/Android_Ndk/android-ndk-r14b/toolchains/x86_64-4.9/prebuilt/darwin-x86_64/bin/x86_64-linux-android-g++ accepts -g
configure:4289: /Users/liuxiaohu/Android_Ndk/android-ndk-r14b/toolchains/x86_64-4.9/prebuilt/darwin-x86_64/bin/x86_64-linux-android-g++ -c -g --sysroot=/Users/liuxiaohu/Android_Ndk/android-ndk-r14b/platforms/android-21/arch-x86_64/  conftest.cpp >&5
configure:4289: $? = 0
configure:4330: result: yes
configure:4355: checking dependency style of /Users/liuxiaohu/Android_Ndk/android-ndk-r14b/toolchains/x86_64-4.9/prebuilt/darwin-x86_64/bin/x86_64-linux-android-g++
configure:4466: result: gcc3
configure:4510: checking build system type
configure:4524: result: x86_64-apple-darwin18.6.0
configure:4544: checking host system type
configure:4557: result: x86_64-pc-linux-android
configure:4598: checking how to print strings
configure:4625: result: printf
configure:4646: checking for a sed that does not truncate output
configure:4710: result: /usr/bin/sed
configure:4728: checking for grep that handles long lines and -e
configure:4786: result: /usr/bin/grep
configure:4791: checking for egrep
configure:4853: result: /usr/bin/grep -E
configure:4858: checking for fgrep
configure:4920: result: /usr/bin/grep -F
configure:4955: checking for ld used by /Users/liuxiaohu/Android_Ndk/android-ndk-r14b/toolchains/x86_64-4.9/prebuilt/darwin-x86_64/bin/x86_64-linux-android-gcc
configure:5022: result: /Users/liuxiaohu/Android_Ndk/android-ndk-r14b/toolchains/x86_64-4.9/prebuilt/darwin-x86_64/bin/x86_64-linux-android-ld
configure:5029: checking if the linker (/Users/liuxiaohu/Android_Ndk/android-ndk-r14b/toolchains/x86_64-4.9/prebuilt/darwin-x86_64/bin/x86_64-linux-android-ld) is GNU ld
configure:5044: result: yes
configure:5056: checking for BSD- or MS-compatible name lister (nm)
configure:5110: result: /Users/liuxiaohu/Android_Ndk/android-ndk-r14b/toolchains/x86_64-4.9/prebuilt/darwin-x86_64/bin/x86_64-linux-android-nm
configure:5240: checking the name lister (/Users/liuxiaohu/Android_Ndk/android-ndk-r14b/toolchains/x86_64-4.9/prebuilt/darwin-x86_64/bin/x86_64-linux-android-nm) interface
configure:5247: /Users/liuxiaohu/Android_Ndk/android-ndk-r14b/toolchains/x86_64-4.9/prebuilt/darwin-x86_64/bin/x86_64-linux-android-gcc -c -fomit-frame-pointer -march=x86-64 -Os -O3 -I/Users/liuxiaohu/Work/ffmpegbuild/build/x86_64/include --sysroot=/Users/liuxiaohu/Android_Ndk/android-ndk-r14b/platforms/android-21/arch-x86_64/ -fPIE  --sysroot=/Users/liuxiaohu/Android_Ndk/android-ndk-r14b/platforms/android-21/arch-x86_64/  conftest.c >&5
configure:5250: /Users/liuxiaohu/Android_Ndk/android-ndk-r14b/toolchains/x86_64-4.9/prebuilt/darwin-x86_64/bin/x86_64-linux-android-nm "conftest.o"
configure:5253: output
0000000000000000 B some_variable
configure:5260: result: BSD nm
configure:5263: checking whether ln -s works
configure:5267: result: yes
configure:5275: checking the maximum length of command line arguments
configure:5406: result: 196608
configure:5454: checking how to convert x86_64-apple-darwin18.6.0 file names to x86_64-pc-linux-android format
configure:5494: result: func_convert_file_noop
configure:5501: checking how to convert x86_64-apple-darwin18.6.0 file names to toolchain format
configure:5521: result: func_convert_file_noop
configure:5528: checking for /Users/liuxiaohu/Android_Ndk/android-ndk-r14b/toolchains/x86_64-4.9/prebuilt/darwin-x86_64/bin/x86_64-linux-android-ld option to reload object files
configure:5535: result: -r
configure:5569: checking for x86_64-linux-android-objdump
configure:5599: result: no
configure:5609: checking for objdump
configure:5625: found /usr/bin/objdump
configure:5636: result: objdump
configure:5648: WARNING: using cross tools not prefixed with host triplet
configure:5668: checking how to recognize dependent libraries
configure:5868: result: pass_all
configure:5913: checking for x86_64-linux-android-dlltool
configure:5943: result: no
configure:5953: checking for dlltool
configure:5983: result: no
configure:6013: checking how to associate runtime and link libraries
configure:6040: result: printf %s\n
configure:6057: checking for x86_64-linux-android-ar
configure:6084: result: /Users/liuxiaohu/Android_Ndk/android-ndk-r14b/toolchains/x86_64-4.9/prebuilt/darwin-x86_64/bin/x86_64-linux-android-ar
configure:6165: checking for archiver @FILE support
configure:6182: /Users/liuxiaohu/Android_Ndk/android-ndk-r14b/toolchains/x86_64-4.9/prebuilt/darwin-x86_64/bin/x86_64-linux-android-gcc -c -fomit-frame-pointer -march=x86-64 -Os -O3 -I/Users/liuxiaohu/Work/ffmpegbuild/build/x86_64/include --sysroot=/Users/liuxiaohu/Android_Ndk/android-ndk-r14b/platforms/android-21/arch-x86_64/ -fPIE  --sysroot=/Users/liuxiaohu/Android_Ndk/android-ndk-r14b/platforms/android-21/arch-x86_64/  conftest.c >&5
configure:6182: $? = 0
configure:6185: /Users/liuxiaohu/Android_Ndk/android-ndk-r14b/toolchains/x86_64-4.9/prebuilt/darwin-x86_64/bin/x86_64-linux-android-ar cru libconftest.a @conftest.lst >&5
configure:6188: $? = 0
configure:6193: /Users/liuxiaohu/Android_Ndk/android-ndk-r14b/toolchains/x86_64-4.9/prebuilt/darwin-x86_64/bin/x86_64-linux-android-ar cru libconftest.a @conftest.lst >&5
/Users/liuxiaohu/Android_Ndk/android-ndk-r14b/toolchains/x86_64-4.9/prebuilt/darwin-x86_64/bin/x86_64-linux-android-ar: conftest.o: No such file or directory
configure:6196: $? = 1
configure:6208: result: @
configure:6226: checking for x86_64-linux-android-strip
configure:6253: result: /Users/liuxiaohu/Android_Ndk/android-ndk-r14b/toolchains/x86_64-4.9/prebuilt/darwin-x86_64/bin/x86_64-linux-android-strip
configure:6325: checking for x86_64-linux-android-ranlib
configure:6352: result: /Users/liuxiaohu/Android_Ndk/android-ndk-r14b/toolchains/x86_64-4.9/prebuilt/darwin-x86_64/bin/x86_64-linux-android-ranlib
configure:6494: checking command to parse /Users/liuxiaohu/Android_Ndk/android-ndk-r14b/toolchains/x86_64-4.9/prebuilt/darwin-x86_64/bin/x86_64-linux-android-nm output from /Users/liuxiaohu/Android_Ndk/android-ndk-r14b/toolchains/x86_64-4.9/prebuilt/darwin-x86_64/bin/x86_64-linux-android-gcc object
configure:6647: /Users/liuxiaohu/Android_Ndk/android-ndk-r14b/toolchains/x86_64-4.9/prebuilt/darwin-x86_64/bin/x86_64-linux-android-gcc -c -fomit-frame-pointer -march=x86-64 -Os -O3 -I/Users/liuxiaohu/Work/ffmpegbuild/build/x86_64/include --sysroot=/Users/liuxiaohu/Android_Ndk/android-ndk-r14b/platforms/android-21/arch-x86_64/ -fPIE  --sysroot=/Users/liuxiaohu/Android_Ndk/android-ndk-r14b/platforms/android-21/arch-x86_64/  conftest.c >&5
configure:6650: $? = 0
configure:6654: /Users/liuxiaohu/Android_Ndk/android-ndk-r14b/toolchains/x86_64-4.9/prebuilt/darwin-x86_64/bin/x86_64-linux-android-nm conftest.o \| sed -n -e 's/^.*[ ]\([ABCDGIRSTW][ABCDGIRSTW]*\)[ ][ ]*\([_A-Za-z][_A-Za-z0-9]*\)$/\1 \2 \2/p' | sed '/ __gnu_lto/d' \> conftest.nm
configure:6657: $? = 0
configure:6723: /Users/liuxiaohu/Android_Ndk/android-ndk-r14b/toolchains/x86_64-4.9/prebuilt/darwin-x86_64/bin/x86_64-linux-android-gcc -o conftest -fomit-frame-pointer -march=x86-64 -Os -O3 -I/Users/liuxiaohu/Work/ffmpegbuild/build/x86_64/include --sysroot=/Users/liuxiaohu/Android_Ndk/android-ndk-r14b/platforms/android-21/arch-x86_64/ -fPIE  --sysroot=/Users/liuxiaohu/Android_Ndk/android-ndk-r14b/platforms/android-21/arch-x86_64/  -L/Users/liuxiaohu/Work/ffmpegbuild/build/x86_64/lib -fPIE -pie  conftest.c conftstm.o >&5
configure:6726: $? = 0
configure:6764: result: ok
configure:6811: checking for sysroot
configure:6841: result: no
configure:6848: checking for a working dd
configure:6886: result: /bin/dd
configure:6890: checking how to truncate binary pipes
configure:6905: result: /bin/dd bs=4096 count=1
configure:7041: /Users/liuxiaohu/Android_Ndk/android-ndk-r14b/toolchains/x86_64-4.9/prebuilt/darwin-x86_64/bin/x86_64-linux-android-gcc -c -fomit-frame-pointer -march=x86-64 -Os -O3 -I/Users/liuxiaohu/Work/ffmpegbuild/build/x86_64/include --sysroot=/Users/liuxiaohu/Android_Ndk/android-ndk-r14b/platforms/android-21/arch-x86_64/ -fPIE  --sysroot=/Users/liuxiaohu/Android_Ndk/android-ndk-r14b/platforms/android-21/arch-x86_64/  conftest.c >&5
configure:7044: $? = 0
configure:7194: checking for x86_64-linux-android-mt
configure:7224: result: no
configure:7234: checking for mt
configure:7264: result: no
configure:7284: checking if : is a manifest tool
configure:7290: : '-?'
configure:7298: result: no
configure:7975: checking how to run the C preprocessor
configure:8045: result: /Users/liuxiaohu/Android_Ndk/android-ndk-r14b/toolchains/x86_64-4.9/prebuilt/darwin-x86_64/bin/x86_64-linux-android-cpp
configure:8065: /Users/liuxiaohu/Android_Ndk/android-ndk-r14b/toolchains/x86_64-4.9/prebuilt/darwin-x86_64/bin/x86_64-linux-android-cpp --sysroot=/Users/liuxiaohu/Android_Ndk/android-ndk-r14b/platforms/android-21/arch-x86_64/  conftest.c
configure:8065: $? = 0
configure:8079: /Users/liuxiaohu/Android_Ndk/android-ndk-r14b/toolchains/x86_64-4.9/prebuilt/darwin-x86_64/bin/x86_64-linux-android-cpp --sysroot=/Users/liuxiaohu/Android_Ndk/android-ndk-r14b/platforms/android-21/arch-x86_64/  conftest.c
conftest.c:11:28: fatal error: ac_nonexistent.h: No such file or directory
 #include <ac_nonexistent.h>
                            ^
compilation terminated.
configure:8079: $? = 1
configure: failed program was:
| /* confdefs.h */
| #define PACKAGE_NAME "fdk-aac"
| #define PACKAGE_TARNAME "fdk-aac"
| #define PACKAGE_VERSION "0.1.6"
| #define PACKAGE_STRING "fdk-aac 0.1.6"
| #define PACKAGE_BUGREPORT "http://sourceforge.net/projects/opencore-amr/"
| #define PACKAGE_URL ""
| #define PACKAGE "fdk-aac"
| #define VERSION "0.1.6"
| /* end confdefs.h.  */
| #include <ac_nonexistent.h>
configure:8108: checking for ANSI C header files
configure:8128: /Users/liuxiaohu/Android_Ndk/android-ndk-r14b/toolchains/x86_64-4.9/prebuilt/darwin-x86_64/bin/x86_64-linux-android-gcc -c -fomit-frame-pointer -march=x86-64 -Os -O3 -I/Users/liuxiaohu/Work/ffmpegbuild/build/x86_64/include --sysroot=/Users/liuxiaohu/Android_Ndk/android-ndk-r14b/platforms/android-21/arch-x86_64/ -fPIE  --sysroot=/Users/liuxiaohu/Android_Ndk/android-ndk-r14b/platforms/android-21/arch-x86_64/  conftest.c >&5
configure:8128: $? = 0
configure:8212: result: yes
configure:8225: checking for sys/types.h
configure:8225: /Users/liuxiaohu/Android_Ndk/android-ndk-r14b/toolchains/x86_64-4.9/prebuilt/darwin-x86_64/bin/x86_64-linux-android-gcc -c -fomit-frame-pointer -march=x86-64 -Os -O3 -I/Users/liuxiaohu/Work/ffmpegbuild/build/x86_64/include --sysroot=/Users/liuxiaohu/Android_Ndk/android-ndk-r14b/platforms/android-21/arch-x86_64/ -fPIE  --sysroot=/Users/liuxiaohu/Android_Ndk/android-ndk-r14b/platforms/android-21/arch-x86_64/  conftest.c >&5
configure:8225: $? = 0
configure:8225: result: yes
configure:8225: checking for sys/stat.h
configure:8225: /Users/liuxiaohu/Android_Ndk/android-ndk-r14b/toolchains/x86_64-4.9/prebuilt/darwin-x86_64/bin/x86_64-linux-android-gcc -c -fomit-frame-pointer -march=x86-64 -Os -O3 -I/Users/liuxiaohu/Work/ffmpegbuild/build/x86_64/include --sysroot=/Users/liuxiaohu/Android_Ndk/android-ndk-r14b/platforms/android-21/arch-x86_64/ -fPIE  --sysroot=/Users/liuxiaohu/Android_Ndk/android-ndk-r14b/platforms/android-21/arch-x86_64/  conftest.c >&5
configure:8225: $? = 0
configure:8225: result: yes
configure:8225: checking for stdlib.h
configure:8225: /Users/liuxiaohu/Android_Ndk/android-ndk-r14b/toolchains/x86_64-4.9/prebuilt/darwin-x86_64/bin/x86_64-linux-android-gcc -c -fomit-frame-pointer -march=x86-64 -Os -O3 -I/Users/liuxiaohu/Work/ffmpegbuild/build/x86_64/include --sysroot=/Users/liuxiaohu/Android_Ndk/android-ndk-r14b/platforms/android-21/arch-x86_64/ -fPIE  --sysroot=/Users/liuxiaohu/Android_Ndk/android-ndk-r14b/platforms/android-21/arch-x86_64/  conftest.c >&5
configure:8225: $? = 0
configure:8225: result: yes
configure:8225: checking for string.h
configure:8225: /Users/liuxiaohu/Android_Ndk/android-ndk-r14b/toolchains/x86_64-4.9/prebuilt/darwin-x86_64/bin/x86_64-linux-android-gcc -c -fomit-frame-pointer -march=x86-64 -Os -O3 -I/Users/liuxiaohu/Work/ffmpegbuild/build/x86_64/include --sysroot=/Users/liuxiaohu/Android_Ndk/android-ndk-r14b/platforms/android-21/arch-x86_64/ -fPIE  --sysroot=/Users/liuxiaohu/Android_Ndk/android-ndk-r14b/platforms/android-21/arch-x86_64/  conftest.c >&5
configure:8225: $? = 0
configure:8225: result: yes
configure:8225: checking for memory.h
configure:8225: /Users/liuxiaohu/Android_Ndk/android-ndk-r14b/toolchains/x86_64-4.9/prebuilt/darwin-x86_64/bin/x86_64-linux-android-gcc -c -fomit-frame-pointer -march=x86-64 -Os -O3 -I/Users/liuxiaohu/Work/ffmpegbuild/build/x86_64/include --sysroot=/Users/liuxiaohu/Android_Ndk/android-ndk-r14b/platforms/android-21/arch-x86_64/ -fPIE  --sysroot=/Users/liuxiaohu/Android_Ndk/android-ndk-r14b/platforms/android-21/arch-x86_64/  conftest.c >&5
configure:8225: $? = 0
configure:8225: result: yes
configure:8225: checking for strings.h
configure:8225: /Users/liuxiaohu/Android_Ndk/android-ndk-r14b/toolchains/x86_64-4.9/prebuilt/darwin-x86_64/bin/x86_64-linux-android-gcc -c -fomit-frame-pointer -march=x86-64 -Os -O3 -I/Users/liuxiaohu/Work/ffmpegbuild/build/x86_64/include --sysroot=/Users/liuxiaohu/Android_Ndk/android-ndk-r14b/platforms/android-21/arch-x86_64/ -fPIE  --sysroot=/Users/liuxiaohu/Android_Ndk/android-ndk-r14b/platforms/android-21/arch-x86_64/  conftest.c >&5
configure:8225: $? = 0
configure:8225: result: yes
configure:8225: checking for inttypes.h
configure:8225: /Users/liuxiaohu/Android_Ndk/android-ndk-r14b/toolchains/x86_64-4.9/prebuilt/darwin-x86_64/bin/x86_64-linux-android-gcc -c -fomit-frame-pointer -march=x86-64 -Os -O3 -I/Users/liuxiaohu/Work/ffmpegbuild/build/x86_64/include --sysroot=/Users/liuxiaohu/Android_Ndk/android-ndk-r14b/platforms/android-21/arch-x86_64/ -fPIE  --sysroot=/Users/liuxiaohu/Android_Ndk/android-ndk-r14b/platforms/android-21/arch-x86_64/  conftest.c >&5
configure:8225: $? = 0
configure:8225: result: yes
configure:8225: checking for stdint.h
configure:8225: /Users/liuxiaohu/Android_Ndk/android-ndk-r14b/toolchains/x86_64-4.9/prebuilt/darwin-x86_64/bin/x86_64-linux-android-gcc -c -fomit-frame-pointer -march=x86-64 -Os -O3 -I/Users/liuxiaohu/Work/ffmpegbuild/build/x86_64/include --sysroot=/Users/liuxiaohu/Android_Ndk/android-ndk-r14b/platforms/android-21/arch-x86_64/ -fPIE  --sysroot=/Users/liuxiaohu/Android_Ndk/android-ndk-r14b/platforms/android-21/arch-x86_64/  conftest.c >&5
configure:8225: $? = 0
configure:8225: result: yes
configure:8225: checking for unistd.h
configure:8225: /Users/liuxiaohu/Android_Ndk/android-ndk-r14b/toolchains/x86_64-4.9/prebuilt/darwin-x86_64/bin/x86_64-linux-android-gcc -c -fomit-frame-pointer -march=x86-64 -Os -O3 -I/Users/liuxiaohu/Work/ffmpegbuild/build/x86_64/include --sysroot=/Users/liuxiaohu/Android_Ndk/android-ndk-r14b/platforms/android-21/arch-x86_64/ -fPIE  --sysroot=/Users/liuxiaohu/Android_Ndk/android-ndk-r14b/platforms/android-21/arch-x86_64/  conftest.c >&5
configure:8225: $? = 0
configure:8225: result: yes
configure:8239: checking for dlfcn.h
configure:8239: /Users/liuxiaohu/Android_Ndk/android-ndk-r14b/toolchains/x86_64-4.9/prebuilt/darwin-x86_64/bin/x86_64-linux-android-gcc -c -fomit-frame-pointer -march=x86-64 -Os -O3 -I/Users/liuxiaohu/Work/ffmpegbuild/build/x86_64/include --sysroot=/Users/liuxiaohu/Android_Ndk/android-ndk-r14b/platforms/android-21/arch-x86_64/ -fPIE  --sysroot=/Users/liuxiaohu/Android_Ndk/android-ndk-r14b/platforms/android-21/arch-x86_64/  conftest.c >&5
configure:8239: $? = 0
configure:8239: result: yes
configure:8506: checking for objdir
configure:8521: result: .libs
configure:8785: checking if /Users/liuxiaohu/Android_Ndk/android-ndk-r14b/toolchains/x86_64-4.9/prebuilt/darwin-x86_64/bin/x86_64-linux-android-gcc supports -fno-rtti -fno-exceptions
configure:8803: /Users/liuxiaohu/Android_Ndk/android-ndk-r14b/toolchains/x86_64-4.9/prebuilt/darwin-x86_64/bin/x86_64-linux-android-gcc -c -fomit-frame-pointer -march=x86-64 -Os -O3 -I/Users/liuxiaohu/Work/ffmpegbuild/build/x86_64/include --sysroot=/Users/liuxiaohu/Android_Ndk/android-ndk-r14b/platforms/android-21/arch-x86_64/ -fPIE  --sysroot=/Users/liuxiaohu/Android_Ndk/android-ndk-r14b/platforms/android-21/arch-x86_64/  -fno-rtti -fno-exceptions conftest.c >&5
cc1: warning: command line option '-fno-rtti' is valid for C++/ObjC++ but not for C
configure:8807: $? = 0
configure:8820: result: no
configure:9178: checking for /Users/liuxiaohu/Android_Ndk/android-ndk-r14b/toolchains/x86_64-4.9/prebuilt/darwin-x86_64/bin/x86_64-linux-android-gcc option to produce PIC
configure:9185: result: -fPIC -DPIC
configure:9193: checking if /Users/liuxiaohu/Android_Ndk/android-ndk-r14b/toolchains/x86_64-4.9/prebuilt/darwin-x86_64/bin/x86_64-linux-android-gcc PIC flag -fPIC -DPIC works
configure:9211: /Users/liuxiaohu/Android_Ndk/android-ndk-r14b/toolchains/x86_64-4.9/prebuilt/darwin-x86_64/bin/x86_64-linux-android-gcc -c -fomit-frame-pointer -march=x86-64 -Os -O3 -I/Users/liuxiaohu/Work/ffmpegbuild/build/x86_64/include --sysroot=/Users/liuxiaohu/Android_Ndk/android-ndk-r14b/platforms/android-21/arch-x86_64/ -fPIE  --sysroot=/Users/liuxiaohu/Android_Ndk/android-ndk-r14b/platforms/android-21/arch-x86_64/  -fPIC -DPIC -DPIC conftest.c >&5
configure:9215: $? = 0
configure:9228: result: yes
configure:9257: checking if /Users/liuxiaohu/Android_Ndk/android-ndk-r14b/toolchains/x86_64-4.9/prebuilt/darwin-x86_64/bin/x86_64-linux-android-gcc static flag -static works
configure:9285: result: no
configure:9300: checking if /Users/liuxiaohu/Android_Ndk/android-ndk-r14b/toolchains/x86_64-4.9/prebuilt/darwin-x86_64/bin/x86_64-linux-android-gcc supports -c -o file.o
configure:9321: /Users/liuxiaohu/Android_Ndk/android-ndk-r14b/toolchains/x86_64-4.9/prebuilt/darwin-x86_64/bin/x86_64-linux-android-gcc -c -fomit-frame-pointer -march=x86-64 -Os -O3 -I/Users/liuxiaohu/Work/ffmpegbuild/build/x86_64/include --sysroot=/Users/liuxiaohu/Android_Ndk/android-ndk-r14b/platforms/android-21/arch-x86_64/ -fPIE  --sysroot=/Users/liuxiaohu/Android_Ndk/android-ndk-r14b/platforms/android-21/arch-x86_64/  -o out/conftest2.o conftest.c >&5
configure:9325: $? = 0
configure:9347: result: yes
configure:9355: checking if /Users/liuxiaohu/Android_Ndk/android-ndk-r14b/toolchains/x86_64-4.9/prebuilt/darwin-x86_64/bin/x86_64-linux-android-gcc supports -c -o file.o
configure:9402: result: yes
configure:9435: checking whether the /Users/liuxiaohu/Android_Ndk/android-ndk-r14b/toolchains/x86_64-4.9/prebuilt/darwin-x86_64/bin/x86_64-linux-android-gcc linker (/Users/liuxiaohu/Android_Ndk/android-ndk-r14b/toolchains/x86_64-4.9/prebuilt/darwin-x86_64/bin/x86_64-linux-android-ld -m elf_x86_64) supports shared libraries
configure:10698: result: yes
configure:10938: checking dynamic linker characteristics
configure:11768: result: Android linker
configure:11890: checking how to hardcode library paths into programs
configure:11915: result: immediate
configure:12463: checking whether stripping libraries is possible
configure:12468: result: yes
configure:12503: checking if libtool supports shared libraries
configure:12505: result: yes
configure:12508: checking whether to build shared libraries
configure:12533: result: no
configure:12536: checking whether to build static libraries
configure:12540: result: yes
configure:12563: checking how to run the C++ preprocessor
configure:12590: /Users/liuxiaohu/Android_Ndk/android-ndk-r14b/toolchains/x86_64-4.9/prebuilt/darwin-x86_64/bin/x86_64-linux-android-g++ -E --sysroot=/Users/liuxiaohu/Android_Ndk/android-ndk-r14b/platforms/android-21/arch-x86_64/  conftest.cpp
configure:12590: $? = 0
configure:12604: /Users/liuxiaohu/Android_Ndk/android-ndk-r14b/toolchains/x86_64-4.9/prebuilt/darwin-x86_64/bin/x86_64-linux-android-g++ -E --sysroot=/Users/liuxiaohu/Android_Ndk/android-ndk-r14b/platforms/android-21/arch-x86_64/  conftest.cpp
conftest.cpp:23:28: fatal error: ac_nonexistent.h: No such file or directory
 #include <ac_nonexistent.h>
                            ^
compilation terminated.
configure:12604: $? = 1
configure: failed program was:
| /* confdefs.h */
| #define PACKAGE_NAME "fdk-aac"
| #define PACKAGE_TARNAME "fdk-aac"
| #define PACKAGE_VERSION "0.1.6"
| #define PACKAGE_STRING "fdk-aac 0.1.6"
| #define PACKAGE_BUGREPORT "http://sourceforge.net/projects/opencore-amr/"
| #define PACKAGE_URL ""
| #define PACKAGE "fdk-aac"
| #define VERSION "0.1.6"
| #define STDC_HEADERS 1
| #define HAVE_SYS_TYPES_H 1
| #define HAVE_SYS_STAT_H 1
| #define HAVE_STDLIB_H 1
| #define HAVE_STRING_H 1
| #define HAVE_MEMORY_H 1
| #define HAVE_STRINGS_H 1
| #define HAVE_INTTYPES_H 1
| #define HAVE_STDINT_H 1
| #define HAVE_UNISTD_H 1
| #define HAVE_DLFCN_H 1
| #define LT_OBJDIR ".libs/"
| /* end confdefs.h.  */
| #include <ac_nonexistent.h>
configure:12629: result: /Users/liuxiaohu/Android_Ndk/android-ndk-r14b/toolchains/x86_64-4.9/prebuilt/darwin-x86_64/bin/x86_64-linux-android-g++ -E
configure:12649: /Users/liuxiaohu/Android_Ndk/android-ndk-r14b/toolchains/x86_64-4.9/prebuilt/darwin-x86_64/bin/x86_64-linux-android-g++ -E --sysroot=/Users/liuxiaohu/Android_Ndk/android-ndk-r14b/platforms/android-21/arch-x86_64/  conftest.cpp
configure:12649: $? = 0
configure:12663: /Users/liuxiaohu/Android_Ndk/android-ndk-r14b/toolchains/x86_64-4.9/prebuilt/darwin-x86_64/bin/x86_64-linux-android-g++ -E --sysroot=/Users/liuxiaohu/Android_Ndk/android-ndk-r14b/platforms/android-21/arch-x86_64/  conftest.cpp
conftest.cpp:23:28: fatal error: ac_nonexistent.h: No such file or directory
 #include <ac_nonexistent.h>
                            ^
compilation terminated.
configure:12663: $? = 1
configure: failed program was:
| /* confdefs.h */
| #define PACKAGE_NAME "fdk-aac"
| #define PACKAGE_TARNAME "fdk-aac"
| #define PACKAGE_VERSION "0.1.6"
| #define PACKAGE_STRING "fdk-aac 0.1.6"
| #define PACKAGE_BUGREPORT "http://sourceforge.net/projects/opencore-amr/"
| #define PACKAGE_URL ""
| #define PACKAGE "fdk-aac"
| #define VERSION "0.1.6"
| #define STDC_HEADERS 1
| #define HAVE_SYS_TYPES_H 1
| #define HAVE_SYS_STAT_H 1
| #define HAVE_STDLIB_H 1
| #define HAVE_STRING_H 1
| #define HAVE_MEMORY_H 1
| #define HAVE_STRINGS_H 1
| #define HAVE_INTTYPES_H 1
| #define HAVE_STDINT_H 1
| #define HAVE_UNISTD_H 1
| #define HAVE_DLFCN_H 1
| #define LT_OBJDIR ".libs/"
| /* end confdefs.h.  */
| #include <ac_nonexistent.h>
configure:12825: checking for ld used by /Users/liuxiaohu/Android_Ndk/android-ndk-r14b/toolchains/x86_64-4.9/prebuilt/darwin-x86_64/bin/x86_64-linux-android-g++
configure:12892: result: /Users/liuxiaohu/Android_Ndk/android-ndk-r14b/toolchains/x86_64-4.9/prebuilt/darwin-x86_64/bin/x86_64-linux-android-ld -m elf_x86_64
configure:12899: checking if the linker (/Users/liuxiaohu/Android_Ndk/android-ndk-r14b/toolchains/x86_64-4.9/prebuilt/darwin-x86_64/bin/x86_64-linux-android-ld -m elf_x86_64) is GNU ld
configure:12914: result: yes
configure:12969: checking whether the /Users/liuxiaohu/Android_Ndk/android-ndk-r14b/toolchains/x86_64-4.9/prebuilt/darwin-x86_64/bin/x86_64-linux-android-g++ linker (/Users/liuxiaohu/Android_Ndk/android-ndk-r14b/toolchains/x86_64-4.9/prebuilt/darwin-x86_64/bin/x86_64-linux-android-ld -m elf_x86_64) supports shared libraries
configure:14042: result: yes
configure:14078: /Users/liuxiaohu/Android_Ndk/android-ndk-r14b/toolchains/x86_64-4.9/prebuilt/darwin-x86_64/bin/x86_64-linux-android-g++ -c -fomit-frame-pointer -march=x86-64 -Os -O3 -I/Users/liuxiaohu/Work/ffmpegbuild/build/x86_64/include --sysroot=/Users/liuxiaohu/Android_Ndk/android-ndk-r14b/platforms/android-21/arch-x86_64/ -fPIE  --sysroot=/Users/liuxiaohu/Android_Ndk/android-ndk-r14b/platforms/android-21/arch-x86_64/  conftest.cpp >&5
configure:14081: $? = 0
configure:14562: checking for /Users/liuxiaohu/Android_Ndk/android-ndk-r14b/toolchains/x86_64-4.9/prebuilt/darwin-x86_64/bin/x86_64-linux-android-g++ option to produce PIC
configure:14569: result: -fPIC -DPIC
configure:14577: checking if /Users/liuxiaohu/Android_Ndk/android-ndk-r14b/toolchains/x86_64-4.9/prebuilt/darwin-x86_64/bin/x86_64-linux-android-g++ PIC flag -fPIC -DPIC works
configure:14595: /Users/liuxiaohu/Android_Ndk/android-ndk-r14b/toolchains/x86_64-4.9/prebuilt/darwin-x86_64/bin/x86_64-linux-android-g++ -c -fomit-frame-pointer -march=x86-64 -Os -O3 -I/Users/liuxiaohu/Work/ffmpegbuild/build/x86_64/include --sysroot=/Users/liuxiaohu/Android_Ndk/android-ndk-r14b/platforms/android-21/arch-x86_64/ -fPIE  --sysroot=/Users/liuxiaohu/Android_Ndk/android-ndk-r14b/platforms/android-21/arch-x86_64/  -fPIC -DPIC -DPIC conftest.cpp >&5
configure:14599: $? = 0
configure:14612: result: yes
configure:14635: checking if /Users/liuxiaohu/Android_Ndk/android-ndk-r14b/toolchains/x86_64-4.9/prebuilt/darwin-x86_64/bin/x86_64-linux-android-g++ static flag -static works
configure:14663: result: no
configure:14675: checking if /Users/liuxiaohu/Android_Ndk/android-ndk-r14b/toolchains/x86_64-4.9/prebuilt/darwin-x86_64/bin/x86_64-linux-android-g++ supports -c -o file.o
configure:14696: /Users/liuxiaohu/Android_Ndk/android-ndk-r14b/toolchains/x86_64-4.9/prebuilt/darwin-x86_64/bin/x86_64-linux-android-g++ -c -fomit-frame-pointer -march=x86-64 -Os -O3 -I/Users/liuxiaohu/Work/ffmpegbuild/build/x86_64/include --sysroot=/Users/liuxiaohu/Android_Ndk/android-ndk-r14b/platforms/android-21/arch-x86_64/ -fPIE  --sysroot=/Users/liuxiaohu/Android_Ndk/android-ndk-r14b/platforms/android-21/arch-x86_64/  -o out/conftest2.o conftest.cpp >&5
configure:14700: $? = 0
configure:14722: result: yes
configure:14727: checking if /Users/liuxiaohu/Android_Ndk/android-ndk-r14b/toolchains/x86_64-4.9/prebuilt/darwin-x86_64/bin/x86_64-linux-android-g++ supports -c -o file.o
configure:14774: result: yes
configure:14804: checking whether the /Users/liuxiaohu/Android_Ndk/android-ndk-r14b/toolchains/x86_64-4.9/prebuilt/darwin-x86_64/bin/x86_64-linux-android-g++ linker (/Users/liuxiaohu/Android_Ndk/android-ndk-r14b/toolchains/x86_64-4.9/prebuilt/darwin-x86_64/bin/x86_64-linux-android-ld -m elf_x86_64) supports shared libraries
configure:14847: result: yes
configure:14988: checking dynamic linker characteristics
configure:15745: result: Android linker
configure:15810: checking how to hardcode library paths into programs
configure:15835: result: immediate
configure:15897: checking for library containing sin
configure:15928: /Users/liuxiaohu/Android_Ndk/android-ndk-r14b/toolchains/x86_64-4.9/prebuilt/darwin-x86_64/bin/x86_64-linux-android-gcc -o conftest -fomit-frame-pointer -march=x86-64 -Os -O3 -I/Users/liuxiaohu/Work/ffmpegbuild/build/x86_64/include --sysroot=/Users/liuxiaohu/Android_Ndk/android-ndk-r14b/platforms/android-21/arch-x86_64/ -fPIE  --sysroot=/Users/liuxiaohu/Android_Ndk/android-ndk-r14b/platforms/android-21/arch-x86_64/  -L/Users/liuxiaohu/Work/ffmpegbuild/build/x86_64/lib -fPIE -pie  conftest.c  >&5
conftest.c:30:6: warning: conflicting types for built-in function 'sin'
 char sin ();
      ^
/var/folders/ql/wfjbnqc90_xf8tzh754rdqdh0000gn/T//cciKiXuC.o:conftest.c:function main: error: undefined reference to 'sin'
collect2: error: ld returned 1 exit status
configure:15928: $? = 1
configure: failed program was:
| /* confdefs.h */
| #define PACKAGE_NAME "fdk-aac"
| #define PACKAGE_TARNAME "fdk-aac"
| #define PACKAGE_VERSION "0.1.6"
| #define PACKAGE_STRING "fdk-aac 0.1.6"
| #define PACKAGE_BUGREPORT "http://sourceforge.net/projects/opencore-amr/"
| #define PACKAGE_URL ""
| #define PACKAGE "fdk-aac"
| #define VERSION "0.1.6"
| #define STDC_HEADERS 1
| #define HAVE_SYS_TYPES_H 1
| #define HAVE_SYS_STAT_H 1
| #define HAVE_STDLIB_H 1
| #define HAVE_STRING_H 1
| #define HAVE_MEMORY_H 1
| #define HAVE_STRINGS_H 1
| #define HAVE_INTTYPES_H 1
| #define HAVE_STDINT_H 1
| #define HAVE_UNISTD_H 1
| #define HAVE_DLFCN_H 1
| #define LT_OBJDIR ".libs/"
| /* end confdefs.h.  */
| 
| /* Override any GCC internal prototype to avoid an error.
|    Use char because int might match the return type of a GCC
|    builtin and then its argument prototype would still apply.  */
| #ifdef __cplusplus
| extern "C"
| #endif
| char sin ();
| int
| main ()
| {
| return sin ();
|   ;
|   return 0;
| }
configure:15928: /Users/liuxiaohu/Android_Ndk/android-ndk-r14b/toolchains/x86_64-4.9/prebuilt/darwin-x86_64/bin/x86_64-linux-android-gcc -o conftest -fomit-frame-pointer -march=x86-64 -Os -O3 -I/Users/liuxiaohu/Work/ffmpegbuild/build/x86_64/include --sysroot=/Users/liuxiaohu/Android_Ndk/android-ndk-r14b/platforms/android-21/arch-x86_64/ -fPIE  --sysroot=/Users/liuxiaohu/Android_Ndk/android-ndk-r14b/platforms/android-21/arch-x86_64/  -L/Users/liuxiaohu/Work/ffmpegbuild/build/x86_64/lib -fPIE -pie  conftest.c -lm   >&5
conftest.c:30:6: warning: conflicting types for built-in function 'sin'
 char sin ();
      ^
configure:15928: $? = 0
configure:15945: result: -lm
configure:16112: checking that generated files are newer than configure
configure:16118: result: done
configure:16149: creating ./config.status

## ---------------------- ##
## Running config.status. ##
## ---------------------- ##

This file was extended by fdk-aac config.status 0.1.6, which was
generated by GNU Autoconf 2.69.  Invocation command line was

  CONFIG_FILES    = 
  CONFIG_HEADERS  = 
  CONFIG_LINKS    = 
  CONFIG_COMMANDS = 
  $ ./config.status 

on VlixMac

config.status:1078: creating Makefile
config.status:1078: creating fdk-aac.pc
config.status:1250: executing depfiles commands
config.status:1250: executing libtool commands
configure:18367: WARNING: unrecognized options: --disable-asm, --enable-pic

## ---------------- ##
## Cache variables. ##
## ---------------- ##

ac_cv_build=x86_64-apple-darwin18.6.0
ac_cv_c_compiler_gnu=yes
ac_cv_cxx_compiler_gnu=yes
ac_cv_env_CCC_set=
ac_cv_env_CCC_value=
ac_cv_env_CC_set=set
ac_cv_env_CC_value=/Users/liuxiaohu/Android_Ndk/android-ndk-r14b/toolchains/x86_64-4.9/prebuilt/darwin-x86_64/bin/x86_64-linux-android-gcc
ac_cv_env_CFLAGS_set=set
ac_cv_env_CFLAGS_value='-fomit-frame-pointer -march=x86-64 -Os -O3 -I/Users/liuxiaohu/Work/ffmpegbuild/build/x86_64/include --sysroot=/Users/liuxiaohu/Android_Ndk/android-ndk-r14b/platforms/android-21/arch-x86_64/ -fPIE '
ac_cv_env_CPPFLAGS_set=set
ac_cv_env_CPPFLAGS_value='--sysroot=/Users/liuxiaohu/Android_Ndk/android-ndk-r14b/platforms/android-21/arch-x86_64/ '
ac_cv_env_CPP_set=set
ac_cv_env_CPP_value=/Users/liuxiaohu/Android_Ndk/android-ndk-r14b/toolchains/x86_64-4.9/prebuilt/darwin-x86_64/bin/x86_64-linux-android-cpp
ac_cv_env_CXXCPP_set=
ac_cv_env_CXXCPP_value=
ac_cv_env_CXXFLAGS_set=set
ac_cv_env_CXXFLAGS_value='-fomit-frame-pointer -march=x86-64 -Os -O3 -I/Users/liuxiaohu/Work/ffmpegbuild/build/x86_64/include --sysroot=/Users/liuxiaohu/Android_Ndk/android-ndk-r14b/platforms/android-21/arch-x86_64/ -fPIE '
ac_cv_env_CXX_set=set
ac_cv_env_CXX_value=/Users/liuxiaohu/Android_Ndk/android-ndk-r14b/toolchains/x86_64-4.9/prebuilt/darwin-x86_64/bin/x86_64-linux-android-g++
ac_cv_env_LDFLAGS_set=set
ac_cv_env_LDFLAGS_value='-L/Users/liuxiaohu/Work/ffmpegbuild/build/x86_64/lib -fPIE -pie '
ac_cv_env_LIBS_set=
ac_cv_env_LIBS_value=
ac_cv_env_LT_SYS_LIBRARY_PATH_set=
ac_cv_env_LT_SYS_LIBRARY_PATH_value=
ac_cv_env_build_alias_set=
ac_cv_env_build_alias_value=
ac_cv_env_host_alias_set=set
ac_cv_env_host_alias_value=x86_64-linux-android
ac_cv_env_target_alias_set=set
ac_cv_env_target_alias_value=android
ac_cv_header_dlfcn_h=yes
ac_cv_header_inttypes_h=yes
ac_cv_header_memory_h=yes
ac_cv_header_stdc=yes
ac_cv_header_stdint_h=yes
ac_cv_header_stdlib_h=yes
ac_cv_header_string_h=yes
ac_cv_header_strings_h=yes
ac_cv_header_sys_stat_h=yes
ac_cv_header_sys_types_h=yes
ac_cv_header_unistd_h=yes
ac_cv_host=x86_64-pc-linux-android
ac_cv_objext=o
ac_cv_path_EGREP='/usr/bin/grep -E'
ac_cv_path_FGREP='/usr/bin/grep -F'
ac_cv_path_GREP=/usr/bin/grep
ac_cv_path_SED=/usr/bin/sed
ac_cv_path_install='/usr/bin/install -c'
ac_cv_path_lt_DD=/bin/dd
ac_cv_prog_AR=/Users/liuxiaohu/Android_Ndk/android-ndk-r14b/toolchains/x86_64-4.9/prebuilt/darwin-x86_64/bin/x86_64-linux-android-ar
ac_cv_prog_AWK=awk
ac_cv_prog_CC=/Users/liuxiaohu/Android_Ndk/android-ndk-r14b/toolchains/x86_64-4.9/prebuilt/darwin-x86_64/bin/x86_64-linux-android-gcc
ac_cv_prog_CPP=/Users/liuxiaohu/Android_Ndk/android-ndk-r14b/toolchains/x86_64-4.9/prebuilt/darwin-x86_64/bin/x86_64-linux-android-cpp
ac_cv_prog_CXXCPP='/Users/liuxiaohu/Android_Ndk/android-ndk-r14b/toolchains/x86_64-4.9/prebuilt/darwin-x86_64/bin/x86_64-linux-android-g++ -E'
ac_cv_prog_RANLIB=/Users/liuxiaohu/Android_Ndk/android-ndk-r14b/toolchains/x86_64-4.9/prebuilt/darwin-x86_64/bin/x86_64-linux-android-ranlib
ac_cv_prog_STRIP=/Users/liuxiaohu/Android_Ndk/android-ndk-r14b/toolchains/x86_64-4.9/prebuilt/darwin-x86_64/bin/x86_64-linux-android-strip
ac_cv_prog_ac_ct_OBJDUMP=objdump
ac_cv_prog_cc_c89=
ac_cv_prog_cc_g=yes
ac_cv_prog_cxx_g=yes
ac_cv_prog_make_make_set=yes
ac_cv_search_sin=-lm
am_cv_CC_dependencies_compiler_type=gcc3
am_cv_CXX_dependencies_compiler_type=gcc3
am_cv_make_support_nested_variables=yes
am_cv_prog_cc_c_o=yes
am_cv_prog_tar_ustar=gnutar
lt_cv_ar_at_file=@
lt_cv_deplibs_check_method=pass_all
lt_cv_file_magic_cmd='$MAGIC_CMD'
lt_cv_file_magic_test_file=
lt_cv_ld_reload_flag=-r
lt_cv_nm_interface='BSD nm'
lt_cv_objdir=.libs
lt_cv_path_LD=/Users/liuxiaohu/Android_Ndk/android-ndk-r14b/toolchains/x86_64-4.9/prebuilt/darwin-x86_64/bin/x86_64-linux-android-ld
lt_cv_path_LDCXX='/Users/liuxiaohu/Android_Ndk/android-ndk-r14b/toolchains/x86_64-4.9/prebuilt/darwin-x86_64/bin/x86_64-linux-android-ld -m elf_x86_64'
lt_cv_path_NM=/Users/liuxiaohu/Android_Ndk/android-ndk-r14b/toolchains/x86_64-4.9/prebuilt/darwin-x86_64/bin/x86_64-linux-android-nm
lt_cv_path_mainfest_tool=no
lt_cv_prog_compiler_c_o=yes
lt_cv_prog_compiler_c_o_CXX=yes
lt_cv_prog_compiler_pic='-fPIC -DPIC'
lt_cv_prog_compiler_pic_CXX='-fPIC -DPIC'
lt_cv_prog_compiler_pic_works=yes
lt_cv_prog_compiler_pic_works_CXX=yes
lt_cv_prog_compiler_rtti_exceptions=no
lt_cv_prog_compiler_static_works=no
lt_cv_prog_compiler_static_works_CXX=no
lt_cv_prog_gnu_ld=yes
lt_cv_prog_gnu_ldcxx=yes
lt_cv_sharedlib_from_linklib_cmd='printf %s\n'
lt_cv_sys_global_symbol_pipe='sed -n -e '\''s/^.*[	 ]\([ABCDGIRSTW][ABCDGIRSTW]*\)[	 ][	 ]*\([_A-Za-z][_A-Za-z0-9]*\)$/\1 \2 \2/p'\'' | sed '\''/ __gnu_lto/d'\'''
lt_cv_sys_global_symbol_to_c_name_address='sed -n -e '\''s/^: \(.*\) .*$/  {"\1", (void *) 0},/p'\'' -e '\''s/^[ABCDGIRSTW][ABCDGIRSTW]* .* \(.*\)$/  {"\1", (void *) \&\1},/p'\'''
lt_cv_sys_global_symbol_to_c_name_address_lib_prefix='sed -n -e '\''s/^: \(.*\) .*$/  {"\1", (void *) 0},/p'\'' -e '\''s/^[ABCDGIRSTW][ABCDGIRSTW]* .* \(lib.*\)$/  {"\1", (void *) \&\1},/p'\'' -e '\''s/^[ABCDGIRSTW][ABCDGIRSTW]* .* \(.*\)$/  {"lib\1", (void *) \&\1},/p'\'''
lt_cv_sys_global_symbol_to_cdecl='sed -n -e '\''s/^T .* \(.*\)$/extern int \1();/p'\'' -e '\''s/^[ABCDGIRSTW][ABCDGIRSTW]* .* \(.*\)$/extern char \1;/p'\'''
lt_cv_sys_global_symbol_to_import=
lt_cv_sys_max_cmd_len=196608
lt_cv_to_host_file_cmd=func_convert_file_noop
lt_cv_to_tool_file_cmd=func_convert_file_noop
lt_cv_truncate_bin='/bin/dd bs=4096 count=1'

## ----------------- ##
## Output variables. ##
## ----------------- ##

ACLOCAL='${SHELL} /Users/liuxiaohu/Work/ffmpegbuild/fdk-aac/missing aclocal-1.15'
AMDEPBACKSLASH='\'
AMDEP_FALSE='#'
AMDEP_TRUE=''
AMTAR='$${TAR-tar}'
AM_BACKSLASH='\'
AM_DEFAULT_V='$(AM_DEFAULT_VERBOSITY)'
AM_DEFAULT_VERBOSITY='0'
AM_V='$(V)'
AR='/Users/liuxiaohu/Android_Ndk/android-ndk-r14b/toolchains/x86_64-4.9/prebuilt/darwin-x86_64/bin/x86_64-linux-android-ar'
AUTOCONF='${SHELL} /Users/liuxiaohu/Work/ffmpegbuild/fdk-aac/missing autoconf'
AUTOHEADER='${SHELL} /Users/liuxiaohu/Work/ffmpegbuild/fdk-aac/missing autoheader'
AUTOMAKE='${SHELL} /Users/liuxiaohu/Work/ffmpegbuild/fdk-aac/missing automake-1.15'
AWK='awk'
CC='/Users/liuxiaohu/Android_Ndk/android-ndk-r14b/toolchains/x86_64-4.9/prebuilt/darwin-x86_64/bin/x86_64-linux-android-gcc'
CCDEPMODE='depmode=gcc3'
CFLAGS='-fomit-frame-pointer -march=x86-64 -Os -O3 -I/Users/liuxiaohu/Work/ffmpegbuild/build/x86_64/include --sysroot=/Users/liuxiaohu/Android_Ndk/android-ndk-r14b/platforms/android-21/arch-x86_64/ -fPIE '
CPP='/Users/liuxiaohu/Android_Ndk/android-ndk-r14b/toolchains/x86_64-4.9/prebuilt/darwin-x86_64/bin/x86_64-linux-android-cpp'
CPPFLAGS='--sysroot=/Users/liuxiaohu/Android_Ndk/android-ndk-r14b/platforms/android-21/arch-x86_64/ '
CXX='/Users/liuxiaohu/Android_Ndk/android-ndk-r14b/toolchains/x86_64-4.9/prebuilt/darwin-x86_64/bin/x86_64-linux-android-g++'
CXXCPP='/Users/liuxiaohu/Android_Ndk/android-ndk-r14b/toolchains/x86_64-4.9/prebuilt/darwin-x86_64/bin/x86_64-linux-android-g++ -E'
CXXDEPMODE='depmode=gcc3'
CXXFLAGS='-fomit-frame-pointer -march=x86-64 -Os -O3 -I/Users/liuxiaohu/Work/ffmpegbuild/build/x86_64/include --sysroot=/Users/liuxiaohu/Android_Ndk/android-ndk-r14b/platforms/android-21/arch-x86_64/ -fPIE '
CYGPATH_W='echo'
DEFS='-DPACKAGE_NAME=\"fdk-aac\" -DPACKAGE_TARNAME=\"fdk-aac\" -DPACKAGE_VERSION=\"0.1.6\" -DPACKAGE_STRING=\"fdk-aac\ 0.1.6\" -DPACKAGE_BUGREPORT=\"http://sourceforge.net/projects/opencore-amr/\" -DPACKAGE_URL=\"\" -DPACKAGE=\"fdk-aac\" -DVERSION=\"0.1.6\" -DSTDC_HEADERS=1 -DHAVE_SYS_TYPES_H=1 -DHAVE_SYS_STAT_H=1 -DHAVE_STDLIB_H=1 -DHAVE_STRING_H=1 -DHAVE_MEMORY_H=1 -DHAVE_STRINGS_H=1 -DHAVE_INTTYPES_H=1 -DHAVE_STDINT_H=1 -DHAVE_UNISTD_H=1 -DHAVE_DLFCN_H=1 -DLT_OBJDIR=\".libs/\"'
DEPDIR='.deps'
DLLTOOL='false'
DSYMUTIL=''
DUMPBIN=''
ECHO_C='\c'
ECHO_N=''
ECHO_T=''
EGREP='/usr/bin/grep -E'
EXAMPLE_FALSE=''
EXAMPLE_TRUE='#'
EXEEXT=''
FDK_AAC_VERSION='1:1:0'
FGREP='/usr/bin/grep -F'
GREP='/usr/bin/grep'
INSTALL_DATA='${INSTALL} -m 644'
INSTALL_PROGRAM='${INSTALL}'
INSTALL_SCRIPT='${INSTALL}'
INSTALL_STRIP_PROGRAM='$(install_sh) -c -s'
LD='/Users/liuxiaohu/Android_Ndk/android-ndk-r14b/toolchains/x86_64-4.9/prebuilt/darwin-x86_64/bin/x86_64-linux-android-ld -m elf_x86_64'
LDFLAGS='-L/Users/liuxiaohu/Work/ffmpegbuild/build/x86_64/lib -fPIE -pie '
LIBOBJS=''
LIBS='-lm '
LIBS_PRIVATE=''
LIBS_PUBLIC='-lm '
LIBTOOL='$(SHELL) $(top_builddir)/libtool'
LIPO=''
LN_S='ln -s'
LTLIBOBJS=''
LT_SYS_LIBRARY_PATH=''
MAKEINFO='${SHELL} /Users/liuxiaohu/Work/ffmpegbuild/fdk-aac/missing makeinfo'
MANIFEST_TOOL=':'
MKDIR_P='./install-sh -c -d'
NM='/Users/liuxiaohu/Android_Ndk/android-ndk-r14b/toolchains/x86_64-4.9/prebuilt/darwin-x86_64/bin/x86_64-linux-android-nm'
NMEDIT=''
OBJDUMP='objdump'
OBJEXT='o'
OTOOL64=''
OTOOL=''
PACKAGE='fdk-aac'
PACKAGE_BUGREPORT='http://sourceforge.net/projects/opencore-amr/'
PACKAGE_NAME='fdk-aac'
PACKAGE_STRING='fdk-aac 0.1.6'
PACKAGE_TARNAME='fdk-aac'
PACKAGE_URL=''
PACKAGE_VERSION='0.1.6'
PATH_SEPARATOR=':'
RANLIB='/Users/liuxiaohu/Android_Ndk/android-ndk-r14b/toolchains/x86_64-4.9/prebuilt/darwin-x86_64/bin/x86_64-linux-android-ranlib'
SED='/usr/bin/sed'
SET_MAKE=''
SHELL='/bin/sh'
STRIP='/Users/liuxiaohu/Android_Ndk/android-ndk-r14b/toolchains/x86_64-4.9/prebuilt/darwin-x86_64/bin/x86_64-linux-android-strip'
VERSION='0.1.6'
ac_ct_AR=''
ac_ct_CC=''
ac_ct_CXX=''
ac_ct_DUMPBIN=''
am__EXEEXT_FALSE=''
am__EXEEXT_TRUE='#'
am__fastdepCC_FALSE='#'
am__fastdepCC_TRUE=''
am__fastdepCXX_FALSE='#'
am__fastdepCXX_TRUE=''
am__include='include'
am__isrc=''
am__leading_dot='.'
am__nodep='_no'
am__quote=''
am__tar='tar --format=ustar -chf - "$$tardir"'
am__untar='tar -xf -'
bindir='${exec_prefix}/bin'
build='x86_64-apple-darwin18.6.0'
build_alias=''
build_cpu='x86_64'
build_os='darwin18.6.0'
build_vendor='apple'
datadir='${datarootdir}'
datarootdir='${prefix}/share'
docdir='${datarootdir}/doc/${PACKAGE_TARNAME}'
dvidir='${docdir}'
exec_prefix='${prefix}'
host='x86_64-pc-linux-android'
host_alias='x86_64-linux-android'
host_cpu='x86_64'
host_os='linux-android'
host_vendor='pc'
htmldir='${docdir}'
includedir='${prefix}/include'
infodir='${datarootdir}/info'
install_sh='${SHELL} /Users/liuxiaohu/Work/ffmpegbuild/fdk-aac/install-sh'
libdir='${exec_prefix}/lib'
libexecdir='${exec_prefix}/libexec'
localedir='${datarootdir}/locale'
localstatedir='${prefix}/var'
mandir='${datarootdir}/man'
mkdir_p='$(MKDIR_P)'
oldincludedir='/usr/include'
pdfdir='${docdir}'
prefix='/Users/liuxiaohu/Work/ffmpegbuild/build/x86_64'
program_transform_name='s,x,x,'
psdir='${docdir}'
runstatedir='${localstatedir}/run'
sbindir='${exec_prefix}/sbin'
sharedstatedir='${prefix}/com'
sysconfdir='${prefix}/etc'
target_alias='android'

## ----------- ##
## confdefs.h. ##
## ----------- ##

/* confdefs.h */
#define PACKAGE_NAME "fdk-aac"
#define PACKAGE_TARNAME "fdk-aac"
#define PACKAGE_VERSION "0.1.6"
#define PACKAGE_STRING "fdk-aac 0.1.6"
#define PACKAGE_BUGREPORT "http://sourceforge.net/projects/opencore-amr/"
#define PACKAGE_URL ""
#define PACKAGE "fdk-aac"
#define VERSION "0.1.6"
#define STDC_HEADERS 1
#define HAVE_SYS_TYPES_H 1
#define HAVE_SYS_STAT_H 1
#define HAVE_STDLIB_H 1
#define HAVE_STRING_H 1
#define HAVE_MEMORY_H 1
#define HAVE_STRINGS_H 1
#define HAVE_INTTYPES_H 1
#define HAVE_STDINT_H 1
#define HAVE_UNISTD_H 1
#define HAVE_DLFCN_H 1
#define LT_OBJDIR ".libs/"

configure: exit 0
